running egg_info
creating ../../build/sensor_package/sensor_package.egg-info
writing ../../build/sensor_package/sensor_package.egg-info/PKG-INFO
writing dependency_links to ../../build/sensor_package/sensor_package.egg-info/dependency_links.txt
writing entry points to ../../build/sensor_package/sensor_package.egg-info/entry_points.txt
writing requirements to ../../build/sensor_package/sensor_package.egg-info/requires.txt
writing top-level names to ../../build/sensor_package/sensor_package.egg-info/top_level.txt
writing manifest file '../../build/sensor_package/sensor_package.egg-info/SOURCES.txt'
reading manifest file '../../build/sensor_package/sensor_package.egg-info/SOURCES.txt'
adding license file 'LICENSE'
writing manifest file '../../build/sensor_package/sensor_package.egg-info/SOURCES.txt'
running build
running build_py
creating /home/varun/Robotic_soln_varun/build/sensor_package/build
creating /home/varun/Robotic_soln_varun/build/sensor_package/build/lib
creating /home/varun/Robotic_soln_varun/build/sensor_package/build/lib/sensor_package
copying sensor_package/my_node.py -> /home/varun/Robotic_soln_varun/build/sensor_package/build/lib/sensor_package
copying sensor_package/__init__.py -> /home/varun/Robotic_soln_varun/build/sensor_package/build/lib/sensor_package
running install
running install_lib
creating /home/varun/Robotic_soln_varun/install/sensor_package/lib/python3.10/site-packages/sensor_package
copying /home/varun/Robotic_soln_varun/build/sensor_package/build/lib/sensor_package/my_node.py -> /home/varun/Robotic_soln_varun/install/sensor_package/lib/python3.10/site-packages/sensor_package
copying /home/varun/Robotic_soln_varun/build/sensor_package/build/lib/sensor_package/__init__.py -> /home/varun/Robotic_soln_varun/install/sensor_package/lib/python3.10/site-packages/sensor_package
byte-compiling /home/varun/Robotic_soln_varun/install/sensor_package/lib/python3.10/site-packages/sensor_package/my_node.py to my_node.cpython-310.pyc
byte-compiling /home/varun/Robotic_soln_varun/install/sensor_package/lib/python3.10/site-packages/sensor_package/__init__.py to __init__.cpython-310.pyc
running install_data
creating /home/varun/Robotic_soln_varun/install/sensor_package/share/ament_index
creating /home/varun/Robotic_soln_varun/install/sensor_package/share/ament_index/resource_index
creating /home/varun/Robotic_soln_varun/install/sensor_package/share/ament_index/resource_index/packages
copying resource/sensor_package -> /home/varun/Robotic_soln_varun/install/sensor_package/share/ament_index/resource_index/packages
copying package.xml -> /home/varun/Robotic_soln_varun/install/sensor_package/share/sensor_package
running install_egg_info
Copying ../../build/sensor_package/sensor_package.egg-info to /home/varun/Robotic_soln_varun/install/sensor_package/lib/python3.10/site-packages/sensor_package-0.0.0-py3.10.egg-info
running install_scripts
Installing my_node script to /home/varun/Robotic_soln_varun/install/sensor_package/lib/sensor_package
writing list of installed files to '/home/varun/Robotic_soln_varun/build/sensor_package/install.log'
