-- The C compiler identification is GNU 11.4.0
-- The CXX compiler identification is GNU 11.4.0
-- Detecting C compiler ABI info
-- Detecting C compiler ABI info - done
-- Check for working C compiler: /usr/bin/cc - skipped
-- Detecting C compile features
-- Detecting C compile features - done
-- Detecting CXX compiler ABI info
-- Detecting CXX compiler ABI info - done
-- Check for working CXX compiler: /usr/bin/c++ - skipped
-- Detecting CXX compile features
-- Detecting CXX compile features - done
-- Found ament_cmake: 1.3.8 (/opt/ros/humble/share/ament_cmake/cmake)
-- Found Python3: /usr/bin/python3 (found version "3.10.12") found components: Interpreter 
-- Found ament_lint_auto: 0.12.10 (/opt/ros/humble/share/ament_lint_auto/cmake)
-- Found rosidl_default_generators: 1.2.0 (/opt/ros/humble/share/rosidl_default_generators/cmake)
-- Using all available rosidl_typesupport_c: rosidl_typesupport_fastrtps_c;rosidl_typesupport_introspection_c
-- Found rosidl_adapter: 3.1.5 (/opt/ros/humble/share/rosidl_adapter/cmake)
-- Using all available rosidl_typesupport_cpp: rosidl_typesupport_fastrtps_cpp;rosidl_typesupport_introspection_cpp
-- Found ament_cmake_ros: 0.10.0 (/opt/ros/humble/share/ament_cmake_ros/cmake)
-- Using all available rosidl_typesupport_c: rosidl_typesupport_fastrtps_c;rosidl_typesupport_introspection_c
-- Using all available rosidl_typesupport_cpp: rosidl_typesupport_fastrtps_cpp;rosidl_typesupport_introspection_cpp
-- Found PythonInterp: /usr/bin/python3 (found suitable version "3.10.12", minimum required is "3.6") 
-- Found python_cmake_module: 0.10.0 (/opt/ros/humble/share/python_cmake_module/cmake)
-- Found PythonLibs: /usr/lib/x86_64-linux-gnu/libpython3.10.so (found suitable version "3.10.12", minimum required is "3.5") 
-- Using PYTHON_EXECUTABLE: /usr/bin/python3
-- Using PYTHON_INCLUDE_DIRS: /usr/include/python3.10
-- Using PYTHON_LIBRARIES: /usr/lib/x86_64-linux-gnu/libpython3.10.so
-- Found PythonExtra: .so  
-- Added test 'cppcheck' to perform static code analysis on C / C++ code
-- Configured cppcheck include dirs: $<BUILD_INTERFACE:/home/varun/Robotic_soln_varun/src/custom_interfaces/build/custom_interfaces/rosidl_generator_c>;$<BUILD_INTERFACE:/home/varun/Robotic_soln_varun/src/custom_interfaces/build/custom_interfaces/rosidl_typesupport_fastrtps_c>;$<BUILD_INTERFACE:/home/varun/Robotic_soln_varun/src/custom_interfaces/build/custom_interfaces/rosidl_typesupport_introspection_c>;$<BUILD_INTERFACE:/home/varun/Robotic_soln_varun/src/custom_interfaces/build/custom_interfaces/rosidl_generator_cpp>;$<BUILD_INTERFACE:/home/varun/Robotic_soln_varun/src/custom_interfaces/build/custom_interfaces/rosidl_typesupport_fastrtps_cpp>;$<BUILD_INTERFACE:/home/varun/Robotic_soln_varun/src/custom_interfaces/build/custom_interfaces/rosidl_typesupport_introspection_cpp>;/home/varun/Robotic_soln_varun/src/custom_interfaces/build/custom_interfaces/rosidl_generator_c;/home/varun/Robotic_soln_varun/src/custom_interfaces/build/custom_interfaces/rosidl_generator_py
-- Configured cppcheck exclude dirs and/or files: 
-- Added test 'flake8' to check Python code syntax and style conventions
-- Added test 'lint_cmake' to check CMake code style
-- Added test 'pep257' to check Python code against some of the docstring style conventions in PEP 257
-- Added test 'uncrustify' to check C / C++ code style
-- Configured uncrustify additional arguments: 
-- Added test 'xmllint' to check XML markup files
-- Configuring done
-- Generating done
-- Build files have been written to: /home/varun/Robotic_soln_varun/src/custom_interfaces/build/custom_interfaces
[  2%] [34m[1mGenerating C code for ROS interfaces[0m
[  5%] [34m[1mGenerating C++ code for ROS interfaces[0m
[  5%] Built target custom_interfaces__cpp
[  5%] Built target ament_cmake_python_copy_custom_interfaces
[ 10%] [34m[1mGenerating C++ type support for eProsima Fast-RTPS[0m
[ 10%] [32mBuilding C object CMakeFiles/custom_interfaces__rosidl_generator_c.dir/rosidl_generator_c/custom_interfaces/msg/detail/sensor_sample__functions.c.o[0m
[ 12%] [32mBuilding C object CMakeFiles/custom_interfaces__rosidl_generator_c.dir/rosidl_generator_c/custom_interfaces/srv/detail/sensor_read__functions.c.o[0m
[ 15%] [32m[1mLinking C shared library libcustom_interfaces__rosidl_generator_c.so[0m
[ 15%] Built target custom_interfaces__rosidl_generator_c
[ 17%] [34m[1mGenerating C++ introspection for ROS interfaces[0m
[ 20%] [32mBuilding CXX object CMakeFiles/custom_interfaces__rosidl_typesupport_fastrtps_cpp.dir/rosidl_typesupport_fastrtps_cpp/custom_interfaces/msg/detail/dds_fastrtps/sensor_sample__type_support.cpp.o[0m
[ 23%] [32mBuilding CXX object CMakeFiles/custom_interfaces__rosidl_typesupport_introspection_cpp.dir/rosidl_typesupport_introspection_cpp/custom_interfaces/msg/detail/sensor_sample__type_support.cpp.o[0m
[ 25%] [32mBuilding CXX object CMakeFiles/custom_interfaces__rosidl_typesupport_fastrtps_cpp.dir/rosidl_typesupport_fastrtps_cpp/custom_interfaces/srv/detail/dds_fastrtps/sensor_read__type_support.cpp.o[0m
[ 28%] [32mBuilding CXX object CMakeFiles/custom_interfaces__rosidl_typesupport_introspection_cpp.dir/rosidl_typesupport_introspection_cpp/custom_interfaces/srv/detail/sensor_read__type_support.cpp.o[0m
[ 30%] [32m[1mLinking CXX shared library libcustom_interfaces__rosidl_typesupport_fastrtps_cpp.so[0m
[ 33%] [32m[1mLinking CXX shared library libcustom_interfaces__rosidl_typesupport_introspection_cpp.so[0m
[ 33%] Built target custom_interfaces__rosidl_typesupport_fastrtps_cpp
[ 35%] [34m[1mGenerating C++ type support dispatch for ROS interfaces[0m
[ 35%] Built target custom_interfaces__rosidl_typesupport_introspection_cpp
running egg_info
creating custom_interfaces.egg-info
writing custom_interfaces.egg-info/PKG-INFO
writing dependency_links to custom_interfaces.egg-info/dependency_links.txt
writing top-level names to custom_interfaces.egg-info/top_level.txt
writing manifest file 'custom_interfaces.egg-info/SOURCES.txt'
reading manifest file 'custom_interfaces.egg-info/SOURCES.txt'
writing manifest file 'custom_interfaces.egg-info/SOURCES.txt'
[ 35%] Built target ament_cmake_python_build_custom_interfaces_egg
[ 38%] [34m[1mGenerating C type support for eProsima Fast-RTPS[0m
[ 41%] [32mBuilding CXX object CMakeFiles/custom_interfaces__rosidl_typesupport_cpp.dir/rosidl_typesupport_cpp/custom_interfaces/msg/sensor_sample__type_support.cpp.o[0m
[ 43%] [32mBuilding CXX object CMakeFiles/custom_interfaces__rosidl_typesupport_cpp.dir/rosidl_typesupport_cpp/custom_interfaces/srv/sensor_read__type_support.cpp.o[0m
[ 46%] [32mBuilding CXX object CMakeFiles/custom_interfaces__rosidl_typesupport_fastrtps_c.dir/rosidl_typesupport_fastrtps_c/custom_interfaces/msg/detail/sensor_sample__type_support_c.cpp.o[0m
[ 48%] [32m[1mLinking CXX shared library libcustom_interfaces__rosidl_typesupport_cpp.so[0m
[ 48%] Built target custom_interfaces__rosidl_typesupport_cpp
[ 51%] [34m[1mGenerating C introspection for ROS interfaces[0m
[ 53%] [32mBuilding CXX object CMakeFiles/custom_interfaces__rosidl_typesupport_fastrtps_c.dir/rosidl_typesupport_fastrtps_c/custom_interfaces/srv/detail/sensor_read__type_support_c.cpp.o[0m
[ 56%] [32mBuilding C object CMakeFiles/custom_interfaces__rosidl_typesupport_introspection_c.dir/rosidl_typesupport_introspection_c/custom_interfaces/msg/detail/sensor_sample__type_support.c.o[0m
[ 58%] [32mBuilding C object CMakeFiles/custom_interfaces__rosidl_typesupport_introspection_c.dir/rosidl_typesupport_introspection_c/custom_interfaces/srv/detail/sensor_read__type_support.c.o[0m
[ 61%] [32m[1mLinking CXX shared library libcustom_interfaces__rosidl_typesupport_fastrtps_c.so[0m
[ 64%] [32m[1mLinking C shared library libcustom_interfaces__rosidl_typesupport_introspection_c.so[0m
[ 64%] Built target custom_interfaces__rosidl_typesupport_introspection_c
[ 64%] Built target custom_interfaces__rosidl_typesupport_fastrtps_c
[ 66%] [34m[1mGenerating C type support dispatch for ROS interfaces[0m
[ 69%] [32mBuilding CXX object CMakeFiles/custom_interfaces__rosidl_typesupport_c.dir/rosidl_typesupport_c/custom_interfaces/msg/sensor_sample__type_support.cpp.o[0m
[ 71%] [32mBuilding CXX object CMakeFiles/custom_interfaces__rosidl_typesupport_c.dir/rosidl_typesupport_c/custom_interfaces/srv/sensor_read__type_support.cpp.o[0m
[ 74%] [32m[1mLinking CXX shared library libcustom_interfaces__rosidl_typesupport_c.so[0m
[ 74%] Built target custom_interfaces__rosidl_typesupport_c
[ 74%] Built target custom_interfaces
[ 76%] [34m[1mGenerating Python code for ROS interfaces[0m
[ 76%] Built target custom_interfaces__py
[ 79%] [32mBuilding C object CMakeFiles/custom_interfaces__rosidl_generator_py.dir/rosidl_generator_py/custom_interfaces/msg/_sensor_sample_s.c.o[0m
[ 82%] [32mBuilding C object CMakeFiles/custom_interfaces__rosidl_generator_py.dir/rosidl_generator_py/custom_interfaces/srv/_sensor_read_s.c.o[0m
[ 84%] [32m[1mLinking C shared library rosidl_generator_py/custom_interfaces/libcustom_interfaces__rosidl_generator_py.so[0m
[ 84%] Built target custom_interfaces__rosidl_generator_py
[ 87%] [32mBuilding C object CMakeFiles/custom_interfaces__rosidl_typesupport_introspection_c__pyext.dir/rosidl_generator_py/custom_interfaces/_custom_interfaces_s.ep.rosidl_typesupport_introspection_c.c.o[0m
[ 89%] [32mBuilding C object CMakeFiles/custom_interfaces__rosidl_typesupport_fastrtps_c__pyext.dir/rosidl_generator_py/custom_interfaces/_custom_interfaces_s.ep.rosidl_typesupport_fastrtps_c.c.o[0m
[ 92%] [32m[1mLinking C shared library rosidl_generator_py/custom_interfaces/custom_interfaces_s__rosidl_typesupport_introspection_c.cpython-310-x86_64-linux-gnu.so[0m
[ 94%] [32m[1mLinking C shared library rosidl_generator_py/custom_interfaces/custom_interfaces_s__rosidl_typesupport_fastrtps_c.cpython-310-x86_64-linux-gnu.so[0m
[ 94%] Built target custom_interfaces__rosidl_typesupport_introspection_c__pyext
[ 94%] Built target custom_interfaces__rosidl_typesupport_fastrtps_c__pyext
[ 97%] [32mBuilding C object CMakeFiles/custom_interfaces__rosidl_typesupport_c__pyext.dir/rosidl_generator_py/custom_interfaces/_custom_interfaces_s.ep.rosidl_typesupport_c.c.o[0m
[100%] [32m[1mLinking C shared library rosidl_generator_py/custom_interfaces/custom_interfaces_s__rosidl_typesupport_c.cpython-310-x86_64-linux-gnu.so[0m
[100%] Built target custom_interfaces__rosidl_typesupport_c__pyext
-- Install configuration: ""
-- Installing: /home/varun/Robotic_soln_varun/src/custom_interfaces/install/custom_interfaces/share/ament_index/resource_index/rosidl_interfaces/custom_interfaces
-- Installing: /home/varun/Robotic_soln_varun/src/custom_interfaces/install/custom_interfaces/include/custom_interfaces/custom_interfaces
-- Installing: /home/varun/Robotic_soln_varun/src/custom_interfaces/install/custom_interfaces/include/custom_interfaces/custom_interfaces/srv
-- Installing: /home/varun/Robotic_soln_varun/src/custom_interfaces/install/custom_interfaces/include/custom_interfaces/custom_interfaces/srv/sensor_read.h
-- Installing: /home/varun/Robotic_soln_varun/src/custom_interfaces/install/custom_interfaces/include/custom_interfaces/custom_interfaces/srv/detail
-- Installing: /home/varun/Robotic_soln_varun/src/custom_interfaces/install/custom_interfaces/include/custom_interfaces/custom_interfaces/srv/detail/sensor_read__functions.c
-- Installing: /home/varun/Robotic_soln_varun/src/custom_interfaces/install/custom_interfaces/include/custom_interfaces/custom_interfaces/srv/detail/sensor_read__struct.h
-- Installing: /home/varun/Robotic_soln_varun/src/custom_interfaces/install/custom_interfaces/include/custom_interfaces/custom_interfaces/srv/detail/sensor_read__type_support.h
-- Installing: /home/varun/Robotic_soln_varun/src/custom_interfaces/install/custom_interfaces/include/custom_interfaces/custom_interfaces/srv/detail/sensor_read__functions.h
-- Installing: /home/varun/Robotic_soln_varun/src/custom_interfaces/install/custom_interfaces/include/custom_interfaces/custom_interfaces/msg
-- Installing: /home/varun/Robotic_soln_varun/src/custom_interfaces/install/custom_interfaces/include/custom_interfaces/custom_interfaces/msg/detail
-- Installing: /home/varun/Robotic_soln_varun/src/custom_interfaces/install/custom_interfaces/include/custom_interfaces/custom_interfaces/msg/detail/sensor_sample__type_support.h
-- Installing: /home/varun/Robotic_soln_varun/src/custom_interfaces/install/custom_interfaces/include/custom_interfaces/custom_interfaces/msg/detail/sensor_sample__functions.h
-- Installing: /home/varun/Robotic_soln_varun/src/custom_interfaces/install/custom_interfaces/include/custom_interfaces/custom_interfaces/msg/detail/sensor_sample__functions.c
-- Installing: /home/varun/Robotic_soln_varun/src/custom_interfaces/install/custom_interfaces/include/custom_interfaces/custom_interfaces/msg/detail/sensor_sample__struct.h
-- Installing: /home/varun/Robotic_soln_varun/src/custom_interfaces/install/custom_interfaces/include/custom_interfaces/custom_interfaces/msg/sensor_sample.h
-- Installing: /home/varun/Robotic_soln_varun/src/custom_interfaces/install/custom_interfaces/include/custom_interfaces/custom_interfaces/msg/rosidl_generator_c__visibility_control.h
-- Installing: /home/varun/Robotic_soln_varun/src/custom_interfaces/install/custom_interfaces/share/custom_interfaces/environment/library_path.sh
-- Installing: /home/varun/Robotic_soln_varun/src/custom_interfaces/install/custom_interfaces/share/custom_interfaces/environment/library_path.dsv
-- Installing: /home/varun/Robotic_soln_varun/src/custom_interfaces/install/custom_interfaces/lib/libcustom_interfaces__rosidl_generator_c.so
-- Set runtime path of "/home/varun/Robotic_soln_varun/src/custom_interfaces/install/custom_interfaces/lib/libcustom_interfaces__rosidl_generator_c.so" to ""
-- Up-to-date: /home/varun/Robotic_soln_varun/src/custom_interfaces/install/custom_interfaces/include/custom_interfaces/custom_interfaces
-- Up-to-date: /home/varun/Robotic_soln_varun/src/custom_interfaces/install/custom_interfaces/include/custom_interfaces/custom_interfaces/srv
-- Up-to-date: /home/varun/Robotic_soln_varun/src/custom_interfaces/install/custom_interfaces/include/custom_interfaces/custom_interfaces/srv/detail
-- Installing: /home/varun/Robotic_soln_varun/src/custom_interfaces/install/custom_interfaces/include/custom_interfaces/custom_interfaces/srv/detail/sensor_read__rosidl_typesupport_fastrtps_c.h
-- Up-to-date: /home/varun/Robotic_soln_varun/src/custom_interfaces/install/custom_interfaces/include/custom_interfaces/custom_interfaces/msg
-- Up-to-date: /home/varun/Robotic_soln_varun/src/custom_interfaces/install/custom_interfaces/include/custom_interfaces/custom_interfaces/msg/detail
-- Installing: /home/varun/Robotic_soln_varun/src/custom_interfaces/install/custom_interfaces/include/custom_interfaces/custom_interfaces/msg/detail/sensor_sample__rosidl_typesupport_fastrtps_c.h
-- Installing: /home/varun/Robotic_soln_varun/src/custom_interfaces/install/custom_interfaces/include/custom_interfaces/custom_interfaces/msg/rosidl_typesupport_fastrtps_c__visibility_control.h
-- Installing: /home/varun/Robotic_soln_varun/src/custom_interfaces/install/custom_interfaces/lib/libcustom_interfaces__rosidl_typesupport_fastrtps_c.so
-- Set runtime path of "/home/varun/Robotic_soln_varun/src/custom_interfaces/install/custom_interfaces/lib/libcustom_interfaces__rosidl_typesupport_fastrtps_c.so" to ""
-- Up-to-date: /home/varun/Robotic_soln_varun/src/custom_interfaces/install/custom_interfaces/include/custom_interfaces/custom_interfaces
-- Up-to-date: /home/varun/Robotic_soln_varun/src/custom_interfaces/install/custom_interfaces/include/custom_interfaces/custom_interfaces/srv
-- Up-to-date: /home/varun/Robotic_soln_varun/src/custom_interfaces/install/custom_interfaces/include/custom_interfaces/custom_interfaces/srv/detail
-- Installing: /home/varun/Robotic_soln_varun/src/custom_interfaces/install/custom_interfaces/include/custom_interfaces/custom_interfaces/srv/detail/sensor_read__rosidl_typesupport_introspection_c.h
-- Installing: /home/varun/Robotic_soln_varun/src/custom_interfaces/install/custom_interfaces/include/custom_interfaces/custom_interfaces/srv/detail/sensor_read__type_support.c
-- Up-to-date: /home/varun/Robotic_soln_varun/src/custom_interfaces/install/custom_interfaces/include/custom_interfaces/custom_interfaces/msg
-- Up-to-date: /home/varun/Robotic_soln_varun/src/custom_interfaces/install/custom_interfaces/include/custom_interfaces/custom_interfaces/msg/detail
-- Installing: /home/varun/Robotic_soln_varun/src/custom_interfaces/install/custom_interfaces/include/custom_interfaces/custom_interfaces/msg/detail/sensor_sample__rosidl_typesupport_introspection_c.h
-- Installing: /home/varun/Robotic_soln_varun/src/custom_interfaces/install/custom_interfaces/include/custom_interfaces/custom_interfaces/msg/detail/sensor_sample__type_support.c
-- Installing: /home/varun/Robotic_soln_varun/src/custom_interfaces/install/custom_interfaces/include/custom_interfaces/custom_interfaces/msg/rosidl_typesupport_introspection_c__visibility_control.h
-- Installing: /home/varun/Robotic_soln_varun/src/custom_interfaces/install/custom_interfaces/lib/libcustom_interfaces__rosidl_typesupport_introspection_c.so
-- Set runtime path of "/home/varun/Robotic_soln_varun/src/custom_interfaces/install/custom_interfaces/lib/libcustom_interfaces__rosidl_typesupport_introspection_c.so" to ""
-- Installing: /home/varun/Robotic_soln_varun/src/custom_interfaces/install/custom_interfaces/lib/libcustom_interfaces__rosidl_typesupport_c.so
-- Set runtime path of "/home/varun/Robotic_soln_varun/src/custom_interfaces/install/custom_interfaces/lib/libcustom_interfaces__rosidl_typesupport_c.so" to ""
-- Up-to-date: /home/varun/Robotic_soln_varun/src/custom_interfaces/install/custom_interfaces/include/custom_interfaces/custom_interfaces
-- Up-to-date: /home/varun/Robotic_soln_varun/src/custom_interfaces/install/custom_interfaces/include/custom_interfaces/custom_interfaces/srv
-- Up-to-date: /home/varun/Robotic_soln_varun/src/custom_interfaces/install/custom_interfaces/include/custom_interfaces/custom_interfaces/srv/detail
-- Installing: /home/varun/Robotic_soln_varun/src/custom_interfaces/install/custom_interfaces/include/custom_interfaces/custom_interfaces/srv/detail/sensor_read__builder.hpp
-- Installing: /home/varun/Robotic_soln_varun/src/custom_interfaces/install/custom_interfaces/include/custom_interfaces/custom_interfaces/srv/detail/sensor_read__struct.hpp
-- Installing: /home/varun/Robotic_soln_varun/src/custom_interfaces/install/custom_interfaces/include/custom_interfaces/custom_interfaces/srv/detail/sensor_read__traits.hpp
-- Installing: /home/varun/Robotic_soln_varun/src/custom_interfaces/install/custom_interfaces/include/custom_interfaces/custom_interfaces/srv/sensor_read.hpp
-- Up-to-date: /home/varun/Robotic_soln_varun/src/custom_interfaces/install/custom_interfaces/include/custom_interfaces/custom_interfaces/msg
-- Installing: /home/varun/Robotic_soln_varun/src/custom_interfaces/install/custom_interfaces/include/custom_interfaces/custom_interfaces/msg/sensor_sample.hpp
-- Up-to-date: /home/varun/Robotic_soln_varun/src/custom_interfaces/install/custom_interfaces/include/custom_interfaces/custom_interfaces/msg/detail
-- Installing: /home/varun/Robotic_soln_varun/src/custom_interfaces/install/custom_interfaces/include/custom_interfaces/custom_interfaces/msg/detail/sensor_sample__builder.hpp
-- Installing: /home/varun/Robotic_soln_varun/src/custom_interfaces/install/custom_interfaces/include/custom_interfaces/custom_interfaces/msg/detail/sensor_sample__traits.hpp
-- Installing: /home/varun/Robotic_soln_varun/src/custom_interfaces/install/custom_interfaces/include/custom_interfaces/custom_interfaces/msg/detail/sensor_sample__struct.hpp
-- Up-to-date: /home/varun/Robotic_soln_varun/src/custom_interfaces/install/custom_interfaces/include/custom_interfaces/custom_interfaces
-- Up-to-date: /home/varun/Robotic_soln_varun/src/custom_interfaces/install/custom_interfaces/include/custom_interfaces/custom_interfaces/srv
-- Up-to-date: /home/varun/Robotic_soln_varun/src/custom_interfaces/install/custom_interfaces/include/custom_interfaces/custom_interfaces/srv/detail
-- Installing: /home/varun/Robotic_soln_varun/src/custom_interfaces/install/custom_interfaces/include/custom_interfaces/custom_interfaces/srv/detail/dds_fastrtps
-- Installing: /home/varun/Robotic_soln_varun/src/custom_interfaces/install/custom_interfaces/include/custom_interfaces/custom_interfaces/srv/detail/sensor_read__rosidl_typesupport_fastrtps_cpp.hpp
-- Up-to-date: /home/varun/Robotic_soln_varun/src/custom_interfaces/install/custom_interfaces/include/custom_interfaces/custom_interfaces/msg
-- Up-to-date: /home/varun/Robotic_soln_varun/src/custom_interfaces/install/custom_interfaces/include/custom_interfaces/custom_interfaces/msg/detail
-- Installing: /home/varun/Robotic_soln_varun/src/custom_interfaces/install/custom_interfaces/include/custom_interfaces/custom_interfaces/msg/detail/dds_fastrtps
-- Installing: /home/varun/Robotic_soln_varun/src/custom_interfaces/install/custom_interfaces/include/custom_interfaces/custom_interfaces/msg/detail/sensor_sample__rosidl_typesupport_fastrtps_cpp.hpp
-- Installing: /home/varun/Robotic_soln_varun/src/custom_interfaces/install/custom_interfaces/include/custom_interfaces/custom_interfaces/msg/rosidl_typesupport_fastrtps_cpp__visibility_control.h
-- Installing: /home/varun/Robotic_soln_varun/src/custom_interfaces/install/custom_interfaces/lib/libcustom_interfaces__rosidl_typesupport_fastrtps_cpp.so
-- Set runtime path of "/home/varun/Robotic_soln_varun/src/custom_interfaces/install/custom_interfaces/lib/libcustom_interfaces__rosidl_typesupport_fastrtps_cpp.so" to ""
-- Up-to-date: /home/varun/Robotic_soln_varun/src/custom_interfaces/install/custom_interfaces/include/custom_interfaces/custom_interfaces
-- Up-to-date: /home/varun/Robotic_soln_varun/src/custom_interfaces/install/custom_interfaces/include/custom_interfaces/custom_interfaces/srv
-- Up-to-date: /home/varun/Robotic_soln_varun/src/custom_interfaces/install/custom_interfaces/include/custom_interfaces/custom_interfaces/srv/detail
-- Installing: /home/varun/Robotic_soln_varun/src/custom_interfaces/install/custom_interfaces/include/custom_interfaces/custom_interfaces/srv/detail/sensor_read__rosidl_typesupport_introspection_cpp.hpp
-- Installing: /home/varun/Robotic_soln_varun/src/custom_interfaces/install/custom_interfaces/include/custom_interfaces/custom_interfaces/srv/detail/sensor_read__type_support.cpp
-- Up-to-date: /home/varun/Robotic_soln_varun/src/custom_interfaces/install/custom_interfaces/include/custom_interfaces/custom_interfaces/msg
-- Up-to-date: /home/varun/Robotic_soln_varun/src/custom_interfaces/install/custom_interfaces/include/custom_interfaces/custom_interfaces/msg/detail
-- Installing: /home/varun/Robotic_soln_varun/src/custom_interfaces/install/custom_interfaces/include/custom_interfaces/custom_interfaces/msg/detail/sensor_sample__type_support.cpp
-- Installing: /home/varun/Robotic_soln_varun/src/custom_interfaces/install/custom_interfaces/include/custom_interfaces/custom_interfaces/msg/detail/sensor_sample__rosidl_typesupport_introspection_cpp.hpp
-- Installing: /home/varun/Robotic_soln_varun/src/custom_interfaces/install/custom_interfaces/lib/libcustom_interfaces__rosidl_typesupport_introspection_cpp.so
-- Set runtime path of "/home/varun/Robotic_soln_varun/src/custom_interfaces/install/custom_interfaces/lib/libcustom_interfaces__rosidl_typesupport_introspection_cpp.so" to ""
-- Installing: /home/varun/Robotic_soln_varun/src/custom_interfaces/install/custom_interfaces/lib/libcustom_interfaces__rosidl_typesupport_cpp.so
-- Set runtime path of "/home/varun/Robotic_soln_varun/src/custom_interfaces/install/custom_interfaces/lib/libcustom_interfaces__rosidl_typesupport_cpp.so" to ""
-- Installing: /home/varun/Robotic_soln_varun/src/custom_interfaces/install/custom_interfaces/share/custom_interfaces/environment/pythonpath.sh
-- Installing: /home/varun/Robotic_soln_varun/src/custom_interfaces/install/custom_interfaces/share/custom_interfaces/environment/pythonpath.dsv
-- Installing: /home/varun/Robotic_soln_varun/src/custom_interfaces/install/custom_interfaces/local/lib/python3.10/dist-packages/custom_interfaces-0.0.0-py3.10.egg-info
-- Installing: /home/varun/Robotic_soln_varun/src/custom_interfaces/install/custom_interfaces/local/lib/python3.10/dist-packages/custom_interfaces-0.0.0-py3.10.egg-info/PKG-INFO
-- Installing: /home/varun/Robotic_soln_varun/src/custom_interfaces/install/custom_interfaces/local/lib/python3.10/dist-packages/custom_interfaces-0.0.0-py3.10.egg-info/SOURCES.txt
-- Installing: /home/varun/Robotic_soln_varun/src/custom_interfaces/install/custom_interfaces/local/lib/python3.10/dist-packages/custom_interfaces-0.0.0-py3.10.egg-info/top_level.txt
-- Installing: /home/varun/Robotic_soln_varun/src/custom_interfaces/install/custom_interfaces/local/lib/python3.10/dist-packages/custom_interfaces-0.0.0-py3.10.egg-info/dependency_links.txt
-- Installing: /home/varun/Robotic_soln_varun/src/custom_interfaces/install/custom_interfaces/local/lib/python3.10/dist-packages/custom_interfaces
-- Installing: /home/varun/Robotic_soln_varun/src/custom_interfaces/install/custom_interfaces/local/lib/python3.10/dist-packages/custom_interfaces/_custom_interfaces_s.ep.rosidl_typesupport_introspection_c.c
-- Installing: /home/varun/Robotic_soln_varun/src/custom_interfaces/install/custom_interfaces/local/lib/python3.10/dist-packages/custom_interfaces/srv
-- Installing: /home/varun/Robotic_soln_varun/src/custom_interfaces/install/custom_interfaces/local/lib/python3.10/dist-packages/custom_interfaces/srv/_sensor_read_s.c
-- Installing: /home/varun/Robotic_soln_varun/src/custom_interfaces/install/custom_interfaces/local/lib/python3.10/dist-packages/custom_interfaces/srv/_sensor_read.py
-- Installing: /home/varun/Robotic_soln_varun/src/custom_interfaces/install/custom_interfaces/local/lib/python3.10/dist-packages/custom_interfaces/srv/__init__.py
-- Installing: /home/varun/Robotic_soln_varun/src/custom_interfaces/install/custom_interfaces/local/lib/python3.10/dist-packages/custom_interfaces/_custom_interfaces_s.ep.rosidl_typesupport_c.c
-- Installing: /home/varun/Robotic_soln_varun/src/custom_interfaces/install/custom_interfaces/local/lib/python3.10/dist-packages/custom_interfaces/custom_interfaces_s__rosidl_typesupport_fastrtps_c.cpython-310-x86_64-linux-gnu.so
-- Installing: /home/varun/Robotic_soln_varun/src/custom_interfaces/install/custom_interfaces/local/lib/python3.10/dist-packages/custom_interfaces/msg
-- Installing: /home/varun/Robotic_soln_varun/src/custom_interfaces/install/custom_interfaces/local/lib/python3.10/dist-packages/custom_interfaces/msg/_sensor_sample_s.c
-- Installing: /home/varun/Robotic_soln_varun/src/custom_interfaces/install/custom_interfaces/local/lib/python3.10/dist-packages/custom_interfaces/msg/_sensor_sample.py
-- Installing: /home/varun/Robotic_soln_varun/src/custom_interfaces/install/custom_interfaces/local/lib/python3.10/dist-packages/custom_interfaces/msg/__init__.py
-- Installing: /home/varun/Robotic_soln_varun/src/custom_interfaces/install/custom_interfaces/local/lib/python3.10/dist-packages/custom_interfaces/libcustom_interfaces__rosidl_generator_py.so
-- Installing: /home/varun/Robotic_soln_varun/src/custom_interfaces/install/custom_interfaces/local/lib/python3.10/dist-packages/custom_interfaces/custom_interfaces_s__rosidl_typesupport_introspection_c.cpython-310-x86_64-linux-gnu.so
-- Installing: /home/varun/Robotic_soln_varun/src/custom_interfaces/install/custom_interfaces/local/lib/python3.10/dist-packages/custom_interfaces/custom_interfaces_s__rosidl_typesupport_c.cpython-310-x86_64-linux-gnu.so
-- Installing: /home/varun/Robotic_soln_varun/src/custom_interfaces/install/custom_interfaces/local/lib/python3.10/dist-packages/custom_interfaces/__init__.py
-- Installing: /home/varun/Robotic_soln_varun/src/custom_interfaces/install/custom_interfaces/local/lib/python3.10/dist-packages/custom_interfaces/_custom_interfaces_s.ep.rosidl_typesupport_fastrtps_c.c
Listing '/home/varun/Robotic_soln_varun/src/custom_interfaces/install/custom_interfaces/local/lib/python3.10/dist-packages/custom_interfaces'...
Compiling '/home/varun/Robotic_soln_varun/src/custom_interfaces/install/custom_interfaces/local/lib/python3.10/dist-packages/custom_interfaces/__init__.py'...
Listing '/home/varun/Robotic_soln_varun/src/custom_interfaces/install/custom_interfaces/local/lib/python3.10/dist-packages/custom_interfaces/msg'...
Compiling '/home/varun/Robotic_soln_varun/src/custom_interfaces/install/custom_interfaces/local/lib/python3.10/dist-packages/custom_interfaces/msg/__init__.py'...
Compiling '/home/varun/Robotic_soln_varun/src/custom_interfaces/install/custom_interfaces/local/lib/python3.10/dist-packages/custom_interfaces/msg/_sensor_sample.py'...
Listing '/home/varun/Robotic_soln_varun/src/custom_interfaces/install/custom_interfaces/local/lib/python3.10/dist-packages/custom_interfaces/srv'...
Compiling '/home/varun/Robotic_soln_varun/src/custom_interfaces/install/custom_interfaces/local/lib/python3.10/dist-packages/custom_interfaces/srv/__init__.py'...
Compiling '/home/varun/Robotic_soln_varun/src/custom_interfaces/install/custom_interfaces/local/lib/python3.10/dist-packages/custom_interfaces/srv/_sensor_read.py'...
-- Installing: /home/varun/Robotic_soln_varun/src/custom_interfaces/install/custom_interfaces/local/lib/python3.10/dist-packages/custom_interfaces/custom_interfaces_s__rosidl_typesupport_fastrtps_c.cpython-310-x86_64-linux-gnu.so
-- Set runtime path of "/home/varun/Robotic_soln_varun/src/custom_interfaces/install/custom_interfaces/local/lib/python3.10/dist-packages/custom_interfaces/custom_interfaces_s__rosidl_typesupport_fastrtps_c.cpython-310-x86_64-linux-gnu.so" to ""
-- Installing: /home/varun/Robotic_soln_varun/src/custom_interfaces/install/custom_interfaces/local/lib/python3.10/dist-packages/custom_interfaces/custom_interfaces_s__rosidl_typesupport_introspection_c.cpython-310-x86_64-linux-gnu.so
-- Set runtime path of "/home/varun/Robotic_soln_varun/src/custom_interfaces/install/custom_interfaces/local/lib/python3.10/dist-packages/custom_interfaces/custom_interfaces_s__rosidl_typesupport_introspection_c.cpython-310-x86_64-linux-gnu.so" to ""
-- Installing: /home/varun/Robotic_soln_varun/src/custom_interfaces/install/custom_interfaces/local/lib/python3.10/dist-packages/custom_interfaces/custom_interfaces_s__rosidl_typesupport_c.cpython-310-x86_64-linux-gnu.so
-- Set runtime path of "/home/varun/Robotic_soln_varun/src/custom_interfaces/install/custom_interfaces/local/lib/python3.10/dist-packages/custom_interfaces/custom_interfaces_s__rosidl_typesupport_c.cpython-310-x86_64-linux-gnu.so" to ""
-- Installing: /home/varun/Robotic_soln_varun/src/custom_interfaces/install/custom_interfaces/lib/libcustom_interfaces__rosidl_generator_py.so
-- Set runtime path of "/home/varun/Robotic_soln_varun/src/custom_interfaces/install/custom_interfaces/lib/libcustom_interfaces__rosidl_generator_py.so" to ""
-- Installing: /home/varun/Robotic_soln_varun/src/custom_interfaces/install/custom_interfaces/share/custom_interfaces/msg/SensorSample.idl
-- Installing: /home/varun/Robotic_soln_varun/src/custom_interfaces/install/custom_interfaces/share/custom_interfaces/srv/SensorRead.idl
-- Installing: /home/varun/Robotic_soln_varun/src/custom_interfaces/install/custom_interfaces/share/custom_interfaces/msg/SensorSample.msg
-- Installing: /home/varun/Robotic_soln_varun/src/custom_interfaces/install/custom_interfaces/share/custom_interfaces/srv/SensorRead.srv
-- Installing: /home/varun/Robotic_soln_varun/src/custom_interfaces/install/custom_interfaces/share/custom_interfaces/srv/SensorRead_Request.msg
-- Installing: /home/varun/Robotic_soln_varun/src/custom_interfaces/install/custom_interfaces/share/custom_interfaces/srv/SensorRead_Response.msg
-- Installing: /home/varun/Robotic_soln_varun/src/custom_interfaces/install/custom_interfaces/share/ament_index/resource_index/package_run_dependencies/custom_interfaces
-- Installing: /home/varun/Robotic_soln_varun/src/custom_interfaces/install/custom_interfaces/share/ament_index/resource_index/parent_prefix_path/custom_interfaces
-- Installing: /home/varun/Robotic_soln_varun/src/custom_interfaces/install/custom_interfaces/share/custom_interfaces/environment/ament_prefix_path.sh
-- Installing: /home/varun/Robotic_soln_varun/src/custom_interfaces/install/custom_interfaces/share/custom_interfaces/environment/ament_prefix_path.dsv
-- Installing: /home/varun/Robotic_soln_varun/src/custom_interfaces/install/custom_interfaces/share/custom_interfaces/environment/path.sh
-- Installing: /home/varun/Robotic_soln_varun/src/custom_interfaces/install/custom_interfaces/share/custom_interfaces/environment/path.dsv
-- Installing: /home/varun/Robotic_soln_varun/src/custom_interfaces/install/custom_interfaces/share/custom_interfaces/local_setup.bash
-- Installing: /home/varun/Robotic_soln_varun/src/custom_interfaces/install/custom_interfaces/share/custom_interfaces/local_setup.sh
-- Installing: /home/varun/Robotic_soln_varun/src/custom_interfaces/install/custom_interfaces/share/custom_interfaces/local_setup.zsh
-- Installing: /home/varun/Robotic_soln_varun/src/custom_interfaces/install/custom_interfaces/share/custom_interfaces/local_setup.dsv
-- Installing: /home/varun/Robotic_soln_varun/src/custom_interfaces/install/custom_interfaces/share/custom_interfaces/package.dsv
-- Installing: /home/varun/Robotic_soln_varun/src/custom_interfaces/install/custom_interfaces/share/ament_index/resource_index/packages/custom_interfaces
-- Installing: /home/varun/Robotic_soln_varun/src/custom_interfaces/install/custom_interfaces/share/custom_interfaces/cmake/export_custom_interfaces__rosidl_generator_cExport.cmake
-- Installing: /home/varun/Robotic_soln_varun/src/custom_interfaces/install/custom_interfaces/share/custom_interfaces/cmake/export_custom_interfaces__rosidl_generator_cExport-noconfig.cmake
-- Installing: /home/varun/Robotic_soln_varun/src/custom_interfaces/install/custom_interfaces/share/custom_interfaces/cmake/export_custom_interfaces__rosidl_typesupport_fastrtps_cExport.cmake
-- Installing: /home/varun/Robotic_soln_varun/src/custom_interfaces/install/custom_interfaces/share/custom_interfaces/cmake/export_custom_interfaces__rosidl_typesupport_fastrtps_cExport-noconfig.cmake
-- Installing: /home/varun/Robotic_soln_varun/src/custom_interfaces/install/custom_interfaces/share/custom_interfaces/cmake/custom_interfaces__rosidl_typesupport_introspection_cExport.cmake
-- Installing: /home/varun/Robotic_soln_varun/src/custom_interfaces/install/custom_interfaces/share/custom_interfaces/cmake/custom_interfaces__rosidl_typesupport_introspection_cExport-noconfig.cmake
-- Installing: /home/varun/Robotic_soln_varun/src/custom_interfaces/install/custom_interfaces/share/custom_interfaces/cmake/custom_interfaces__rosidl_typesupport_cExport.cmake
-- Installing: /home/varun/Robotic_soln_varun/src/custom_interfaces/install/custom_interfaces/share/custom_interfaces/cmake/custom_interfaces__rosidl_typesupport_cExport-noconfig.cmake
-- Installing: /home/varun/Robotic_soln_varun/src/custom_interfaces/install/custom_interfaces/share/custom_interfaces/cmake/export_custom_interfaces__rosidl_generator_cppExport.cmake
-- Installing: /home/varun/Robotic_soln_varun/src/custom_interfaces/install/custom_interfaces/share/custom_interfaces/cmake/export_custom_interfaces__rosidl_typesupport_fastrtps_cppExport.cmake
-- Installing: /home/varun/Robotic_soln_varun/src/custom_interfaces/install/custom_interfaces/share/custom_interfaces/cmake/export_custom_interfaces__rosidl_typesupport_fastrtps_cppExport-noconfig.cmake
-- Installing: /home/varun/Robotic_soln_varun/src/custom_interfaces/install/custom_interfaces/share/custom_interfaces/cmake/custom_interfaces__rosidl_typesupport_introspection_cppExport.cmake
-- Installing: /home/varun/Robotic_soln_varun/src/custom_interfaces/install/custom_interfaces/share/custom_interfaces/cmake/custom_interfaces__rosidl_typesupport_introspection_cppExport-noconfig.cmake
-- Installing: /home/varun/Robotic_soln_varun/src/custom_interfaces/install/custom_interfaces/share/custom_interfaces/cmake/custom_interfaces__rosidl_typesupport_cppExport.cmake
-- Installing: /home/varun/Robotic_soln_varun/src/custom_interfaces/install/custom_interfaces/share/custom_interfaces/cmake/custom_interfaces__rosidl_typesupport_cppExport-noconfig.cmake
-- Installing: /home/varun/Robotic_soln_varun/src/custom_interfaces/install/custom_interfaces/share/custom_interfaces/cmake/export_custom_interfaces__rosidl_generator_pyExport.cmake
-- Installing: /home/varun/Robotic_soln_varun/src/custom_interfaces/install/custom_interfaces/share/custom_interfaces/cmake/export_custom_interfaces__rosidl_generator_pyExport-noconfig.cmake
-- Installing: /home/varun/Robotic_soln_varun/src/custom_interfaces/install/custom_interfaces/share/custom_interfaces/cmake/rosidl_cmake-extras.cmake
-- Installing: /home/varun/Robotic_soln_varun/src/custom_interfaces/install/custom_interfaces/share/custom_interfaces/cmake/ament_cmake_export_include_directories-extras.cmake
-- Installing: /home/varun/Robotic_soln_varun/src/custom_interfaces/install/custom_interfaces/share/custom_interfaces/cmake/ament_cmake_export_libraries-extras.cmake
-- Installing: /home/varun/Robotic_soln_varun/src/custom_interfaces/install/custom_interfaces/share/custom_interfaces/cmake/ament_cmake_export_targets-extras.cmake
-- Installing: /home/varun/Robotic_soln_varun/src/custom_interfaces/install/custom_interfaces/share/custom_interfaces/cmake/rosidl_cmake_export_typesupport_targets-extras.cmake
-- Installing: /home/varun/Robotic_soln_varun/src/custom_interfaces/install/custom_interfaces/share/custom_interfaces/cmake/ament_cmake_export_dependencies-extras.cmake
-- Installing: /home/varun/Robotic_soln_varun/src/custom_interfaces/install/custom_interfaces/share/custom_interfaces/cmake/rosidl_cmake_export_typesupport_libraries-extras.cmake
-- Installing: /home/varun/Robotic_soln_varun/src/custom_interfaces/install/custom_interfaces/share/custom_interfaces/cmake/custom_interfacesConfig.cmake
-- Installing: /home/varun/Robotic_soln_varun/src/custom_interfaces/install/custom_interfaces/share/custom_interfaces/cmake/custom_interfacesConfig-version.cmake
-- Installing: /home/varun/Robotic_soln_varun/src/custom_interfaces/install/custom_interfaces/share/custom_interfaces/package.xml
