[0.033s] Invoking command in '/home/varun/Robotic_soln_varun/src/custom_interfaces/build/custom_interfaces': CMAKE_PREFIX_PATH=/home/varun/Robotic_soln_varun/install/sensor_package:/opt/ros/humble /usr/bin/cmake /home/varun/Robotic_soln_varun/src/custom_interfaces -DCMAKE_INSTALL_PREFIX=/home/varun/Robotic_soln_varun/src/custom_interfaces/install/custom_interfaces
[0.615s] -- The C compiler identification is GNU 11.4.0
[0.991s] -- The CXX compiler identification is GNU 11.4.0
[1.013s] -- Detecting C compiler ABI info
[1.202s] -- Detecting C compiler ABI info - done
[1.221s] -- Check for working C compiler: /usr/bin/cc - skipped
[1.222s] -- Detecting C compile features
[1.224s] -- Detecting C compile features - done
[1.229s] -- Detecting CXX compiler ABI info
[1.608s] -- Detecting CXX compiler ABI info - done
[1.624s] -- Check for working CXX compiler: /usr/bin/c++ - skipped
[1.624s] -- Detecting CXX compile features
[1.625s] -- Detecting CXX compile features - done
[1.632s] -- Found ament_cmake: 1.3.8 (/opt/ros/humble/share/ament_cmake/cmake)
[1.934s] -- Found Python3: /usr/bin/python3 (found version "3.10.12") found components: Interpreter 
[3.085s] -- Found ament_lint_auto: 0.12.10 (/opt/ros/humble/share/ament_lint_auto/cmake)
[3.264s] -- Found rosidl_default_generators: 1.2.0 (/opt/ros/humble/share/rosidl_default_generators/cmake)
[3.271s] -- Using all available rosidl_typesupport_c: rosidl_typesupport_fastrtps_c;rosidl_typesupport_introspection_c
[3.282s] -- Found rosidl_adapter: 3.1.5 (/opt/ros/humble/share/rosidl_adapter/cmake)
[3.360s] -- Using all available rosidl_typesupport_cpp: rosidl_typesupport_fastrtps_cpp;rosidl_typesupport_introspection_cpp
[3.816s] -- Found ament_cmake_ros: 0.10.0 (/opt/ros/humble/share/ament_cmake_ros/cmake)
[4.152s] -- Using all available rosidl_typesupport_c: rosidl_typesupport_fastrtps_c;rosidl_typesupport_introspection_c
[4.586s] -- Using all available rosidl_typesupport_cpp: rosidl_typesupport_fastrtps_cpp;rosidl_typesupport_introspection_cpp
[4.631s] -- Found PythonInterp: /usr/bin/python3 (found suitable version "3.10.12", minimum required is "3.6") 
[4.633s] -- Found python_cmake_module: 0.10.0 (/opt/ros/humble/share/python_cmake_module/cmake)
[4.678s] -- Found PythonLibs: /usr/lib/x86_64-linux-gnu/libpython3.10.so (found suitable version "3.10.12", minimum required is "3.5") 
[4.678s] -- Using PYTHON_EXECUTABLE: /usr/bin/python3
[4.678s] -- Using PYTHON_INCLUDE_DIRS: /usr/include/python3.10
[4.679s] -- Using PYTHON_LIBRARIES: /usr/lib/x86_64-linux-gnu/libpython3.10.so
[4.715s] -- Found PythonExtra: .so  
[4.813s] -- Added test 'cppcheck' to perform static code analysis on C / C++ code
[4.815s] -- Configured cppcheck include dirs: $<BUILD_INTERFACE:/home/varun/Robotic_soln_varun/src/custom_interfaces/build/custom_interfaces/rosidl_generator_c>;$<BUILD_INTERFACE:/home/varun/Robotic_soln_varun/src/custom_interfaces/build/custom_interfaces/rosidl_typesupport_fastrtps_c>;$<BUILD_INTERFACE:/home/varun/Robotic_soln_varun/src/custom_interfaces/build/custom_interfaces/rosidl_typesupport_introspection_c>;$<BUILD_INTERFACE:/home/varun/Robotic_soln_varun/src/custom_interfaces/build/custom_interfaces/rosidl_generator_cpp>;$<BUILD_INTERFACE:/home/varun/Robotic_soln_varun/src/custom_interfaces/build/custom_interfaces/rosidl_typesupport_fastrtps_cpp>;$<BUILD_INTERFACE:/home/varun/Robotic_soln_varun/src/custom_interfaces/build/custom_interfaces/rosidl_typesupport_introspection_cpp>;/home/varun/Robotic_soln_varun/src/custom_interfaces/build/custom_interfaces/rosidl_generator_c;/home/varun/Robotic_soln_varun/src/custom_interfaces/build/custom_interfaces/rosidl_generator_py
[4.815s] -- Configured cppcheck exclude dirs and/or files: 
[4.818s] -- Added test 'flake8' to check Python code syntax and style conventions
[4.823s] -- Added test 'lint_cmake' to check CMake code style
[4.825s] -- Added test 'pep257' to check Python code against some of the docstring style conventions in PEP 257
[4.836s] -- Added test 'uncrustify' to check C / C++ code style
[4.836s] -- Configured uncrustify additional arguments: 
[4.841s] -- Added test 'xmllint' to check XML markup files
[4.853s] -- Configuring done
[4.928s] -- Generating done
[4.938s] -- Build files have been written to: /home/varun/Robotic_soln_varun/src/custom_interfaces/build/custom_interfaces
[4.949s] Invoked command in '/home/varun/Robotic_soln_varun/src/custom_interfaces/build/custom_interfaces' returned '0': CMAKE_PREFIX_PATH=/home/varun/Robotic_soln_varun/install/sensor_package:/opt/ros/humble /usr/bin/cmake /home/varun/Robotic_soln_varun/src/custom_interfaces -DCMAKE_INSTALL_PREFIX=/home/varun/Robotic_soln_varun/src/custom_interfaces/install/custom_interfaces
[4.950s] Invoking command in '/home/varun/Robotic_soln_varun/src/custom_interfaces/build/custom_interfaces': CMAKE_PREFIX_PATH=/home/varun/Robotic_soln_varun/install/sensor_package:/opt/ros/humble /usr/bin/cmake --build /home/varun/Robotic_soln_varun/src/custom_interfaces/build/custom_interfaces -- -j2 -l2
[5.015s] [  2%] [34m[1mGenerating C code for ROS interfaces[0m
[5.046s] [  5%] [34m[1mGenerating C++ code for ROS interfaces[0m
[6.006s] [  5%] Built target custom_interfaces__cpp
[6.096s] [  5%] Built target ament_cmake_python_copy_custom_interfaces
[6.131s] [ 10%] [34m[1mGenerating C++ type support for eProsima Fast-RTPS[0m
[6.132s] [ 10%] [32mBuilding C object CMakeFiles/custom_interfaces__rosidl_generator_c.dir/rosidl_generator_c/custom_interfaces/msg/detail/sensor_sample__functions.c.o[0m
[6.330s] [ 12%] [32mBuilding C object CMakeFiles/custom_interfaces__rosidl_generator_c.dir/rosidl_generator_c/custom_interfaces/srv/detail/sensor_read__functions.c.o[0m
[6.456s] [ 15%] [32m[1mLinking C shared library libcustom_interfaces__rosidl_generator_c.so[0m
[7.031s] [ 15%] Built target custom_interfaces__rosidl_generator_c
[7.116s] [ 17%] [34m[1mGenerating C++ introspection for ROS interfaces[0m
[7.625s] [ 20%] [32mBuilding CXX object CMakeFiles/custom_interfaces__rosidl_typesupport_fastrtps_cpp.dir/rosidl_typesupport_fastrtps_cpp/custom_interfaces/msg/detail/dds_fastrtps/sensor_sample__type_support.cpp.o[0m
[7.989s] [ 23%] [32mBuilding CXX object CMakeFiles/custom_interfaces__rosidl_typesupport_introspection_cpp.dir/rosidl_typesupport_introspection_cpp/custom_interfaces/msg/detail/sensor_sample__type_support.cpp.o[0m
[8.790s] [ 25%] [32mBuilding CXX object CMakeFiles/custom_interfaces__rosidl_typesupport_fastrtps_cpp.dir/rosidl_typesupport_fastrtps_cpp/custom_interfaces/srv/detail/dds_fastrtps/sensor_read__type_support.cpp.o[0m
[8.909s] [ 28%] [32mBuilding CXX object CMakeFiles/custom_interfaces__rosidl_typesupport_introspection_cpp.dir/rosidl_typesupport_introspection_cpp/custom_interfaces/srv/detail/sensor_read__type_support.cpp.o[0m
[9.692s] [ 30%] [32m[1mLinking CXX shared library libcustom_interfaces__rosidl_typesupport_fastrtps_cpp.so[0m
[9.789s] [ 33%] [32m[1mLinking CXX shared library libcustom_interfaces__rosidl_typesupport_introspection_cpp.so[0m
[9.846s] [ 33%] Built target custom_interfaces__rosidl_typesupport_fastrtps_cpp
[9.871s] [ 35%] [34m[1mGenerating C++ type support dispatch for ROS interfaces[0m
[9.930s] [ 35%] Built target custom_interfaces__rosidl_typesupport_introspection_cpp
[10.275s] running egg_info
[10.276s] creating custom_interfaces.egg-info
[10.276s] writing custom_interfaces.egg-info/PKG-INFO
[10.276s] writing dependency_links to custom_interfaces.egg-info/dependency_links.txt
[10.276s] writing top-level names to custom_interfaces.egg-info/top_level.txt
[10.277s] writing manifest file 'custom_interfaces.egg-info/SOURCES.txt'
[10.279s] reading manifest file 'custom_interfaces.egg-info/SOURCES.txt'
[10.280s] writing manifest file 'custom_interfaces.egg-info/SOURCES.txt'
[10.325s] [ 35%] Built target ament_cmake_python_build_custom_interfaces_egg
[10.345s] [ 38%] [34m[1mGenerating C type support for eProsima Fast-RTPS[0m
[10.382s] [ 41%] [32mBuilding CXX object CMakeFiles/custom_interfaces__rosidl_typesupport_cpp.dir/rosidl_typesupport_cpp/custom_interfaces/msg/sensor_sample__type_support.cpp.o[0m
[10.732s] [ 43%] [32mBuilding CXX object CMakeFiles/custom_interfaces__rosidl_typesupport_cpp.dir/rosidl_typesupport_cpp/custom_interfaces/srv/sensor_read__type_support.cpp.o[0m
[10.956s] [ 46%] [32mBuilding CXX object CMakeFiles/custom_interfaces__rosidl_typesupport_fastrtps_c.dir/rosidl_typesupport_fastrtps_c/custom_interfaces/msg/detail/sensor_sample__type_support_c.cpp.o[0m
[11.127s] [ 48%] [32m[1mLinking CXX shared library libcustom_interfaces__rosidl_typesupport_cpp.so[0m
[11.197s] [ 48%] Built target custom_interfaces__rosidl_typesupport_cpp
[11.215s] [ 51%] [34m[1mGenerating C introspection for ROS interfaces[0m
[11.399s] [ 53%] [32mBuilding CXX object CMakeFiles/custom_interfaces__rosidl_typesupport_fastrtps_c.dir/rosidl_typesupport_fastrtps_c/custom_interfaces/srv/detail/sensor_read__type_support_c.cpp.o[0m
[11.795s] [ 56%] [32mBuilding C object CMakeFiles/custom_interfaces__rosidl_typesupport_introspection_c.dir/rosidl_typesupport_introspection_c/custom_interfaces/msg/detail/sensor_sample__type_support.c.o[0m
[11.859s] [ 58%] [32mBuilding C object CMakeFiles/custom_interfaces__rosidl_typesupport_introspection_c.dir/rosidl_typesupport_introspection_c/custom_interfaces/srv/detail/sensor_read__type_support.c.o[0m
[11.867s] [ 61%] [32m[1mLinking CXX shared library libcustom_interfaces__rosidl_typesupport_fastrtps_c.so[0m
[11.920s] [ 64%] [32m[1mLinking C shared library libcustom_interfaces__rosidl_typesupport_introspection_c.so[0m
[11.969s] [ 64%] Built target custom_interfaces__rosidl_typesupport_introspection_c
[11.982s] [ 64%] Built target custom_interfaces__rosidl_typesupport_fastrtps_c
[11.985s] [ 66%] [34m[1mGenerating C type support dispatch for ROS interfaces[0m
[12.426s] [ 69%] [32mBuilding CXX object CMakeFiles/custom_interfaces__rosidl_typesupport_c.dir/rosidl_typesupport_c/custom_interfaces/msg/sensor_sample__type_support.cpp.o[0m
[12.437s] [ 71%] [32mBuilding CXX object CMakeFiles/custom_interfaces__rosidl_typesupport_c.dir/rosidl_typesupport_c/custom_interfaces/srv/sensor_read__type_support.cpp.o[0m
[12.487s] [ 74%] [32m[1mLinking CXX shared library libcustom_interfaces__rosidl_typesupport_c.so[0m
[12.537s] [ 74%] Built target custom_interfaces__rosidl_typesupport_c
[12.566s] [ 74%] Built target custom_interfaces
[12.595s] [ 76%] [34m[1mGenerating Python code for ROS interfaces[0m
[13.369s] [ 76%] Built target custom_interfaces__py
[13.400s] [ 79%] [32mBuilding C object CMakeFiles/custom_interfaces__rosidl_generator_py.dir/rosidl_generator_py/custom_interfaces/msg/_sensor_sample_s.c.o[0m
[13.402s] [ 82%] [32mBuilding C object CMakeFiles/custom_interfaces__rosidl_generator_py.dir/rosidl_generator_py/custom_interfaces/srv/_sensor_read_s.c.o[0m
[13.647s] [ 84%] [32m[1mLinking C shared library rosidl_generator_py/custom_interfaces/libcustom_interfaces__rosidl_generator_py.so[0m
[13.698s] [ 84%] Built target custom_interfaces__rosidl_generator_py
[13.733s] [ 87%] [32mBuilding C object CMakeFiles/custom_interfaces__rosidl_typesupport_introspection_c__pyext.dir/rosidl_generator_py/custom_interfaces/_custom_interfaces_s.ep.rosidl_typesupport_introspection_c.c.o[0m
[13.738s] [ 89%] [32mBuilding C object CMakeFiles/custom_interfaces__rosidl_typesupport_fastrtps_c__pyext.dir/rosidl_generator_py/custom_interfaces/_custom_interfaces_s.ep.rosidl_typesupport_fastrtps_c.c.o[0m
[13.871s] [ 92%] [32m[1mLinking C shared library rosidl_generator_py/custom_interfaces/custom_interfaces_s__rosidl_typesupport_introspection_c.cpython-310-x86_64-linux-gnu.so[0m
[13.874s] [ 94%] [32m[1mLinking C shared library rosidl_generator_py/custom_interfaces/custom_interfaces_s__rosidl_typesupport_fastrtps_c.cpython-310-x86_64-linux-gnu.so[0m
[13.921s] [ 94%] Built target custom_interfaces__rosidl_typesupport_introspection_c__pyext
[13.923s] [ 94%] Built target custom_interfaces__rosidl_typesupport_fastrtps_c__pyext
[13.954s] [ 97%] [32mBuilding C object CMakeFiles/custom_interfaces__rosidl_typesupport_c__pyext.dir/rosidl_generator_py/custom_interfaces/_custom_interfaces_s.ep.rosidl_typesupport_c.c.o[0m
[14.080s] [100%] [32m[1mLinking C shared library rosidl_generator_py/custom_interfaces/custom_interfaces_s__rosidl_typesupport_c.cpython-310-x86_64-linux-gnu.so[0m
[14.122s] [100%] Built target custom_interfaces__rosidl_typesupport_c__pyext
[14.142s] Invoked command in '/home/varun/Robotic_soln_varun/src/custom_interfaces/build/custom_interfaces' returned '0': CMAKE_PREFIX_PATH=/home/varun/Robotic_soln_varun/install/sensor_package:/opt/ros/humble /usr/bin/cmake --build /home/varun/Robotic_soln_varun/src/custom_interfaces/build/custom_interfaces -- -j2 -l2
[14.334s] Invoking command in '/home/varun/Robotic_soln_varun/src/custom_interfaces/build/custom_interfaces': CMAKE_PREFIX_PATH=/home/varun/Robotic_soln_varun/install/sensor_package:/opt/ros/humble /usr/bin/cmake --install /home/varun/Robotic_soln_varun/src/custom_interfaces/build/custom_interfaces
[14.344s] -- Install configuration: ""
[14.345s] -- Installing: /home/varun/Robotic_soln_varun/src/custom_interfaces/install/custom_interfaces/share/ament_index/resource_index/rosidl_interfaces/custom_interfaces
[14.346s] -- Installing: /home/varun/Robotic_soln_varun/src/custom_interfaces/install/custom_interfaces/include/custom_interfaces/custom_interfaces
[14.346s] -- Installing: /home/varun/Robotic_soln_varun/src/custom_interfaces/install/custom_interfaces/include/custom_interfaces/custom_interfaces/srv
[14.346s] -- Installing: /home/varun/Robotic_soln_varun/src/custom_interfaces/install/custom_interfaces/include/custom_interfaces/custom_interfaces/srv/sensor_read.h
[14.347s] -- Installing: /home/varun/Robotic_soln_varun/src/custom_interfaces/install/custom_interfaces/include/custom_interfaces/custom_interfaces/srv/detail
[14.347s] -- Installing: /home/varun/Robotic_soln_varun/src/custom_interfaces/install/custom_interfaces/include/custom_interfaces/custom_interfaces/srv/detail/sensor_read__functions.c
[14.347s] -- Installing: /home/varun/Robotic_soln_varun/src/custom_interfaces/install/custom_interfaces/include/custom_interfaces/custom_interfaces/srv/detail/sensor_read__struct.h
[14.348s] -- Installing: /home/varun/Robotic_soln_varun/src/custom_interfaces/install/custom_interfaces/include/custom_interfaces/custom_interfaces/srv/detail/sensor_read__type_support.h
[14.349s] -- Installing: /home/varun/Robotic_soln_varun/src/custom_interfaces/install/custom_interfaces/include/custom_interfaces/custom_interfaces/srv/detail/sensor_read__functions.h
[14.349s] -- Installing: /home/varun/Robotic_soln_varun/src/custom_interfaces/install/custom_interfaces/include/custom_interfaces/custom_interfaces/msg
[14.350s] -- Installing: /home/varun/Robotic_soln_varun/src/custom_interfaces/install/custom_interfaces/include/custom_interfaces/custom_interfaces/msg/detail
[14.351s] -- Installing: /home/varun/Robotic_soln_varun/src/custom_interfaces/install/custom_interfaces/include/custom_interfaces/custom_interfaces/msg/detail/sensor_sample__type_support.h
[14.351s] -- Installing: /home/varun/Robotic_soln_varun/src/custom_interfaces/install/custom_interfaces/include/custom_interfaces/custom_interfaces/msg/detail/sensor_sample__functions.h
[14.352s] -- Installing: /home/varun/Robotic_soln_varun/src/custom_interfaces/install/custom_interfaces/include/custom_interfaces/custom_interfaces/msg/detail/sensor_sample__functions.c
[14.352s] -- Installing: /home/varun/Robotic_soln_varun/src/custom_interfaces/install/custom_interfaces/include/custom_interfaces/custom_interfaces/msg/detail/sensor_sample__struct.h
[14.352s] -- Installing: /home/varun/Robotic_soln_varun/src/custom_interfaces/install/custom_interfaces/include/custom_interfaces/custom_interfaces/msg/sensor_sample.h
[14.353s] -- Installing: /home/varun/Robotic_soln_varun/src/custom_interfaces/install/custom_interfaces/include/custom_interfaces/custom_interfaces/msg/rosidl_generator_c__visibility_control.h
[14.353s] -- Installing: /home/varun/Robotic_soln_varun/src/custom_interfaces/install/custom_interfaces/share/custom_interfaces/environment/library_path.sh
[14.354s] -- Installing: /home/varun/Robotic_soln_varun/src/custom_interfaces/install/custom_interfaces/share/custom_interfaces/environment/library_path.dsv
[14.354s] -- Installing: /home/varun/Robotic_soln_varun/src/custom_interfaces/install/custom_interfaces/lib/libcustom_interfaces__rosidl_generator_c.so
[14.355s] -- Set runtime path of "/home/varun/Robotic_soln_varun/src/custom_interfaces/install/custom_interfaces/lib/libcustom_interfaces__rosidl_generator_c.so" to ""
[14.355s] -- Up-to-date: /home/varun/Robotic_soln_varun/src/custom_interfaces/install/custom_interfaces/include/custom_interfaces/custom_interfaces
[14.356s] -- Up-to-date: /home/varun/Robotic_soln_varun/src/custom_interfaces/install/custom_interfaces/include/custom_interfaces/custom_interfaces/srv
[14.356s] -- Up-to-date: /home/varun/Robotic_soln_varun/src/custom_interfaces/install/custom_interfaces/include/custom_interfaces/custom_interfaces/srv/detail
[14.356s] -- Installing: /home/varun/Robotic_soln_varun/src/custom_interfaces/install/custom_interfaces/include/custom_interfaces/custom_interfaces/srv/detail/sensor_read__rosidl_typesupport_fastrtps_c.h
[14.356s] -- Up-to-date: /home/varun/Robotic_soln_varun/src/custom_interfaces/install/custom_interfaces/include/custom_interfaces/custom_interfaces/msg
[14.357s] -- Up-to-date: /home/varun/Robotic_soln_varun/src/custom_interfaces/install/custom_interfaces/include/custom_interfaces/custom_interfaces/msg/detail
[14.357s] -- Installing: /home/varun/Robotic_soln_varun/src/custom_interfaces/install/custom_interfaces/include/custom_interfaces/custom_interfaces/msg/detail/sensor_sample__rosidl_typesupport_fastrtps_c.h
[14.357s] -- Installing: /home/varun/Robotic_soln_varun/src/custom_interfaces/install/custom_interfaces/include/custom_interfaces/custom_interfaces/msg/rosidl_typesupport_fastrtps_c__visibility_control.h
[14.359s] -- Installing: /home/varun/Robotic_soln_varun/src/custom_interfaces/install/custom_interfaces/lib/libcustom_interfaces__rosidl_typesupport_fastrtps_c.so
[14.360s] -- Set runtime path of "/home/varun/Robotic_soln_varun/src/custom_interfaces/install/custom_interfaces/lib/libcustom_interfaces__rosidl_typesupport_fastrtps_c.so" to ""
[14.360s] -- Up-to-date: /home/varun/Robotic_soln_varun/src/custom_interfaces/install/custom_interfaces/include/custom_interfaces/custom_interfaces
[14.360s] -- Up-to-date: /home/varun/Robotic_soln_varun/src/custom_interfaces/install/custom_interfaces/include/custom_interfaces/custom_interfaces/srv
[14.362s] -- Up-to-date: /home/varun/Robotic_soln_varun/src/custom_interfaces/install/custom_interfaces/include/custom_interfaces/custom_interfaces/srv/detail
[14.362s] -- Installing: /home/varun/Robotic_soln_varun/src/custom_interfaces/install/custom_interfaces/include/custom_interfaces/custom_interfaces/srv/detail/sensor_read__rosidl_typesupport_introspection_c.h
[14.362s] -- Installing: /home/varun/Robotic_soln_varun/src/custom_interfaces/install/custom_interfaces/include/custom_interfaces/custom_interfaces/srv/detail/sensor_read__type_support.c
[14.363s] -- Up-to-date: /home/varun/Robotic_soln_varun/src/custom_interfaces/install/custom_interfaces/include/custom_interfaces/custom_interfaces/msg
[14.363s] -- Up-to-date: /home/varun/Robotic_soln_varun/src/custom_interfaces/install/custom_interfaces/include/custom_interfaces/custom_interfaces/msg/detail
[14.363s] -- Installing: /home/varun/Robotic_soln_varun/src/custom_interfaces/install/custom_interfaces/include/custom_interfaces/custom_interfaces/msg/detail/sensor_sample__rosidl_typesupport_introspection_c.h
[14.364s] -- Installing: /home/varun/Robotic_soln_varun/src/custom_interfaces/install/custom_interfaces/include/custom_interfaces/custom_interfaces/msg/detail/sensor_sample__type_support.c
[14.364s] -- Installing: /home/varun/Robotic_soln_varun/src/custom_interfaces/install/custom_interfaces/include/custom_interfaces/custom_interfaces/msg/rosidl_typesupport_introspection_c__visibility_control.h
[14.364s] -- Installing: /home/varun/Robotic_soln_varun/src/custom_interfaces/install/custom_interfaces/lib/libcustom_interfaces__rosidl_typesupport_introspection_c.so
[14.365s] -- Set runtime path of "/home/varun/Robotic_soln_varun/src/custom_interfaces/install/custom_interfaces/lib/libcustom_interfaces__rosidl_typesupport_introspection_c.so" to ""
[14.365s] -- Installing: /home/varun/Robotic_soln_varun/src/custom_interfaces/install/custom_interfaces/lib/libcustom_interfaces__rosidl_typesupport_c.so
[14.365s] -- Set runtime path of "/home/varun/Robotic_soln_varun/src/custom_interfaces/install/custom_interfaces/lib/libcustom_interfaces__rosidl_typesupport_c.so" to ""
[14.366s] -- Up-to-date: /home/varun/Robotic_soln_varun/src/custom_interfaces/install/custom_interfaces/include/custom_interfaces/custom_interfaces
[14.366s] -- Up-to-date: /home/varun/Robotic_soln_varun/src/custom_interfaces/install/custom_interfaces/include/custom_interfaces/custom_interfaces/srv
[14.366s] -- Up-to-date: /home/varun/Robotic_soln_varun/src/custom_interfaces/install/custom_interfaces/include/custom_interfaces/custom_interfaces/srv/detail
[14.366s] -- Installing: /home/varun/Robotic_soln_varun/src/custom_interfaces/install/custom_interfaces/include/custom_interfaces/custom_interfaces/srv/detail/sensor_read__builder.hpp
[14.367s] -- Installing: /home/varun/Robotic_soln_varun/src/custom_interfaces/install/custom_interfaces/include/custom_interfaces/custom_interfaces/srv/detail/sensor_read__struct.hpp
[14.367s] -- Installing: /home/varun/Robotic_soln_varun/src/custom_interfaces/install/custom_interfaces/include/custom_interfaces/custom_interfaces/srv/detail/sensor_read__traits.hpp
[14.367s] -- Installing: /home/varun/Robotic_soln_varun/src/custom_interfaces/install/custom_interfaces/include/custom_interfaces/custom_interfaces/srv/sensor_read.hpp
[14.367s] -- Up-to-date: /home/varun/Robotic_soln_varun/src/custom_interfaces/install/custom_interfaces/include/custom_interfaces/custom_interfaces/msg
[14.368s] -- Installing: /home/varun/Robotic_soln_varun/src/custom_interfaces/install/custom_interfaces/include/custom_interfaces/custom_interfaces/msg/sensor_sample.hpp
[14.368s] -- Up-to-date: /home/varun/Robotic_soln_varun/src/custom_interfaces/install/custom_interfaces/include/custom_interfaces/custom_interfaces/msg/detail
[14.368s] -- Installing: /home/varun/Robotic_soln_varun/src/custom_interfaces/install/custom_interfaces/include/custom_interfaces/custom_interfaces/msg/detail/sensor_sample__builder.hpp
[14.368s] -- Installing: /home/varun/Robotic_soln_varun/src/custom_interfaces/install/custom_interfaces/include/custom_interfaces/custom_interfaces/msg/detail/sensor_sample__traits.hpp
[14.369s] -- Installing: /home/varun/Robotic_soln_varun/src/custom_interfaces/install/custom_interfaces/include/custom_interfaces/custom_interfaces/msg/detail/sensor_sample__struct.hpp
[14.369s] -- Up-to-date: /home/varun/Robotic_soln_varun/src/custom_interfaces/install/custom_interfaces/include/custom_interfaces/custom_interfaces
[14.369s] -- Up-to-date: /home/varun/Robotic_soln_varun/src/custom_interfaces/install/custom_interfaces/include/custom_interfaces/custom_interfaces/srv
[14.370s] -- Up-to-date: /home/varun/Robotic_soln_varun/src/custom_interfaces/install/custom_interfaces/include/custom_interfaces/custom_interfaces/srv/detail
[14.370s] -- Installing: /home/varun/Robotic_soln_varun/src/custom_interfaces/install/custom_interfaces/include/custom_interfaces/custom_interfaces/srv/detail/dds_fastrtps
[14.370s] -- Installing: /home/varun/Robotic_soln_varun/src/custom_interfaces/install/custom_interfaces/include/custom_interfaces/custom_interfaces/srv/detail/sensor_read__rosidl_typesupport_fastrtps_cpp.hpp
[14.371s] -- Up-to-date: /home/varun/Robotic_soln_varun/src/custom_interfaces/install/custom_interfaces/include/custom_interfaces/custom_interfaces/msg
[14.371s] -- Up-to-date: /home/varun/Robotic_soln_varun/src/custom_interfaces/install/custom_interfaces/include/custom_interfaces/custom_interfaces/msg/detail
[14.371s] -- Installing: /home/varun/Robotic_soln_varun/src/custom_interfaces/install/custom_interfaces/include/custom_interfaces/custom_interfaces/msg/detail/dds_fastrtps
[14.371s] -- Installing: /home/varun/Robotic_soln_varun/src/custom_interfaces/install/custom_interfaces/include/custom_interfaces/custom_interfaces/msg/detail/sensor_sample__rosidl_typesupport_fastrtps_cpp.hpp
[14.371s] -- Installing: /home/varun/Robotic_soln_varun/src/custom_interfaces/install/custom_interfaces/include/custom_interfaces/custom_interfaces/msg/rosidl_typesupport_fastrtps_cpp__visibility_control.h
[14.372s] -- Installing: /home/varun/Robotic_soln_varun/src/custom_interfaces/install/custom_interfaces/lib/libcustom_interfaces__rosidl_typesupport_fastrtps_cpp.so
[14.372s] -- Set runtime path of "/home/varun/Robotic_soln_varun/src/custom_interfaces/install/custom_interfaces/lib/libcustom_interfaces__rosidl_typesupport_fastrtps_cpp.so" to ""
[14.372s] -- Up-to-date: /home/varun/Robotic_soln_varun/src/custom_interfaces/install/custom_interfaces/include/custom_interfaces/custom_interfaces
[14.373s] -- Up-to-date: /home/varun/Robotic_soln_varun/src/custom_interfaces/install/custom_interfaces/include/custom_interfaces/custom_interfaces/srv
[14.373s] -- Up-to-date: /home/varun/Robotic_soln_varun/src/custom_interfaces/install/custom_interfaces/include/custom_interfaces/custom_interfaces/srv/detail
[14.373s] -- Installing: /home/varun/Robotic_soln_varun/src/custom_interfaces/install/custom_interfaces/include/custom_interfaces/custom_interfaces/srv/detail/sensor_read__rosidl_typesupport_introspection_cpp.hpp
[14.373s] -- Installing: /home/varun/Robotic_soln_varun/src/custom_interfaces/install/custom_interfaces/include/custom_interfaces/custom_interfaces/srv/detail/sensor_read__type_support.cpp
[14.373s] -- Up-to-date: /home/varun/Robotic_soln_varun/src/custom_interfaces/install/custom_interfaces/include/custom_interfaces/custom_interfaces/msg
[14.373s] -- Up-to-date: /home/varun/Robotic_soln_varun/src/custom_interfaces/install/custom_interfaces/include/custom_interfaces/custom_interfaces/msg/detail
[14.374s] -- Installing: /home/varun/Robotic_soln_varun/src/custom_interfaces/install/custom_interfaces/include/custom_interfaces/custom_interfaces/msg/detail/sensor_sample__type_support.cpp
[14.374s] -- Installing: /home/varun/Robotic_soln_varun/src/custom_interfaces/install/custom_interfaces/include/custom_interfaces/custom_interfaces/msg/detail/sensor_sample__rosidl_typesupport_introspection_cpp.hpp
[14.374s] -- Installing: /home/varun/Robotic_soln_varun/src/custom_interfaces/install/custom_interfaces/lib/libcustom_interfaces__rosidl_typesupport_introspection_cpp.so
[14.374s] -- Set runtime path of "/home/varun/Robotic_soln_varun/src/custom_interfaces/install/custom_interfaces/lib/libcustom_interfaces__rosidl_typesupport_introspection_cpp.so" to ""
[14.374s] -- Installing: /home/varun/Robotic_soln_varun/src/custom_interfaces/install/custom_interfaces/lib/libcustom_interfaces__rosidl_typesupport_cpp.so
[14.375s] -- Set runtime path of "/home/varun/Robotic_soln_varun/src/custom_interfaces/install/custom_interfaces/lib/libcustom_interfaces__rosidl_typesupport_cpp.so" to ""
[14.375s] -- Installing: /home/varun/Robotic_soln_varun/src/custom_interfaces/install/custom_interfaces/share/custom_interfaces/environment/pythonpath.sh
[14.375s] -- Installing: /home/varun/Robotic_soln_varun/src/custom_interfaces/install/custom_interfaces/share/custom_interfaces/environment/pythonpath.dsv
[14.376s] -- Installing: /home/varun/Robotic_soln_varun/src/custom_interfaces/install/custom_interfaces/local/lib/python3.10/dist-packages/custom_interfaces-0.0.0-py3.10.egg-info
[14.376s] -- Installing: /home/varun/Robotic_soln_varun/src/custom_interfaces/install/custom_interfaces/local/lib/python3.10/dist-packages/custom_interfaces-0.0.0-py3.10.egg-info/PKG-INFO
[14.377s] -- Installing: /home/varun/Robotic_soln_varun/src/custom_interfaces/install/custom_interfaces/local/lib/python3.10/dist-packages/custom_interfaces-0.0.0-py3.10.egg-info/SOURCES.txt
[14.377s] -- Installing: /home/varun/Robotic_soln_varun/src/custom_interfaces/install/custom_interfaces/local/lib/python3.10/dist-packages/custom_interfaces-0.0.0-py3.10.egg-info/top_level.txt
[14.377s] -- Installing: /home/varun/Robotic_soln_varun/src/custom_interfaces/install/custom_interfaces/local/lib/python3.10/dist-packages/custom_interfaces-0.0.0-py3.10.egg-info/dependency_links.txt
[14.378s] -- Installing: /home/varun/Robotic_soln_varun/src/custom_interfaces/install/custom_interfaces/local/lib/python3.10/dist-packages/custom_interfaces
[14.379s] -- Installing: /home/varun/Robotic_soln_varun/src/custom_interfaces/install/custom_interfaces/local/lib/python3.10/dist-packages/custom_interfaces/_custom_interfaces_s.ep.rosidl_typesupport_introspection_c.c
[14.379s] -- Installing: /home/varun/Robotic_soln_varun/src/custom_interfaces/install/custom_interfaces/local/lib/python3.10/dist-packages/custom_interfaces/srv
[14.379s] -- Installing: /home/varun/Robotic_soln_varun/src/custom_interfaces/install/custom_interfaces/local/lib/python3.10/dist-packages/custom_interfaces/srv/_sensor_read_s.c
[14.380s] -- Installing: /home/varun/Robotic_soln_varun/src/custom_interfaces/install/custom_interfaces/local/lib/python3.10/dist-packages/custom_interfaces/srv/_sensor_read.py
[14.380s] -- Installing: /home/varun/Robotic_soln_varun/src/custom_interfaces/install/custom_interfaces/local/lib/python3.10/dist-packages/custom_interfaces/srv/__init__.py
[14.380s] -- Installing: /home/varun/Robotic_soln_varun/src/custom_interfaces/install/custom_interfaces/local/lib/python3.10/dist-packages/custom_interfaces/_custom_interfaces_s.ep.rosidl_typesupport_c.c
[14.380s] -- Installing: /home/varun/Robotic_soln_varun/src/custom_interfaces/install/custom_interfaces/local/lib/python3.10/dist-packages/custom_interfaces/custom_interfaces_s__rosidl_typesupport_fastrtps_c.cpython-310-x86_64-linux-gnu.so
[14.380s] -- Installing: /home/varun/Robotic_soln_varun/src/custom_interfaces/install/custom_interfaces/local/lib/python3.10/dist-packages/custom_interfaces/msg
[14.381s] -- Installing: /home/varun/Robotic_soln_varun/src/custom_interfaces/install/custom_interfaces/local/lib/python3.10/dist-packages/custom_interfaces/msg/_sensor_sample_s.c
[14.381s] -- Installing: /home/varun/Robotic_soln_varun/src/custom_interfaces/install/custom_interfaces/local/lib/python3.10/dist-packages/custom_interfaces/msg/_sensor_sample.py
[14.381s] -- Installing: /home/varun/Robotic_soln_varun/src/custom_interfaces/install/custom_interfaces/local/lib/python3.10/dist-packages/custom_interfaces/msg/__init__.py
[14.381s] -- Installing: /home/varun/Robotic_soln_varun/src/custom_interfaces/install/custom_interfaces/local/lib/python3.10/dist-packages/custom_interfaces/libcustom_interfaces__rosidl_generator_py.so
[14.381s] -- Installing: /home/varun/Robotic_soln_varun/src/custom_interfaces/install/custom_interfaces/local/lib/python3.10/dist-packages/custom_interfaces/custom_interfaces_s__rosidl_typesupport_introspection_c.cpython-310-x86_64-linux-gnu.so
[14.382s] -- Installing: /home/varun/Robotic_soln_varun/src/custom_interfaces/install/custom_interfaces/local/lib/python3.10/dist-packages/custom_interfaces/custom_interfaces_s__rosidl_typesupport_c.cpython-310-x86_64-linux-gnu.so
[14.382s] -- Installing: /home/varun/Robotic_soln_varun/src/custom_interfaces/install/custom_interfaces/local/lib/python3.10/dist-packages/custom_interfaces/__init__.py
[14.382s] -- Installing: /home/varun/Robotic_soln_varun/src/custom_interfaces/install/custom_interfaces/local/lib/python3.10/dist-packages/custom_interfaces/_custom_interfaces_s.ep.rosidl_typesupport_fastrtps_c.c
[14.426s] Listing '/home/varun/Robotic_soln_varun/src/custom_interfaces/install/custom_interfaces/local/lib/python3.10/dist-packages/custom_interfaces'...
[14.426s] Compiling '/home/varun/Robotic_soln_varun/src/custom_interfaces/install/custom_interfaces/local/lib/python3.10/dist-packages/custom_interfaces/__init__.py'...
[14.426s] Listing '/home/varun/Robotic_soln_varun/src/custom_interfaces/install/custom_interfaces/local/lib/python3.10/dist-packages/custom_interfaces/msg'...
[14.426s] Compiling '/home/varun/Robotic_soln_varun/src/custom_interfaces/install/custom_interfaces/local/lib/python3.10/dist-packages/custom_interfaces/msg/__init__.py'...
[14.426s] Compiling '/home/varun/Robotic_soln_varun/src/custom_interfaces/install/custom_interfaces/local/lib/python3.10/dist-packages/custom_interfaces/msg/_sensor_sample.py'...
[14.427s] Listing '/home/varun/Robotic_soln_varun/src/custom_interfaces/install/custom_interfaces/local/lib/python3.10/dist-packages/custom_interfaces/srv'...
[14.427s] Compiling '/home/varun/Robotic_soln_varun/src/custom_interfaces/install/custom_interfaces/local/lib/python3.10/dist-packages/custom_interfaces/srv/__init__.py'...
[14.427s] Compiling '/home/varun/Robotic_soln_varun/src/custom_interfaces/install/custom_interfaces/local/lib/python3.10/dist-packages/custom_interfaces/srv/_sensor_read.py'...
[14.432s] -- Installing: /home/varun/Robotic_soln_varun/src/custom_interfaces/install/custom_interfaces/local/lib/python3.10/dist-packages/custom_interfaces/custom_interfaces_s__rosidl_typesupport_fastrtps_c.cpython-310-x86_64-linux-gnu.so
[14.432s] -- Set runtime path of "/home/varun/Robotic_soln_varun/src/custom_interfaces/install/custom_interfaces/local/lib/python3.10/dist-packages/custom_interfaces/custom_interfaces_s__rosidl_typesupport_fastrtps_c.cpython-310-x86_64-linux-gnu.so" to ""
[14.434s] -- Installing: /home/varun/Robotic_soln_varun/src/custom_interfaces/install/custom_interfaces/local/lib/python3.10/dist-packages/custom_interfaces/custom_interfaces_s__rosidl_typesupport_introspection_c.cpython-310-x86_64-linux-gnu.so
[14.434s] -- Set runtime path of "/home/varun/Robotic_soln_varun/src/custom_interfaces/install/custom_interfaces/local/lib/python3.10/dist-packages/custom_interfaces/custom_interfaces_s__rosidl_typesupport_introspection_c.cpython-310-x86_64-linux-gnu.so" to ""
[14.435s] -- Installing: /home/varun/Robotic_soln_varun/src/custom_interfaces/install/custom_interfaces/local/lib/python3.10/dist-packages/custom_interfaces/custom_interfaces_s__rosidl_typesupport_c.cpython-310-x86_64-linux-gnu.so
[14.435s] -- Set runtime path of "/home/varun/Robotic_soln_varun/src/custom_interfaces/install/custom_interfaces/local/lib/python3.10/dist-packages/custom_interfaces/custom_interfaces_s__rosidl_typesupport_c.cpython-310-x86_64-linux-gnu.so" to ""
[14.436s] -- Installing: /home/varun/Robotic_soln_varun/src/custom_interfaces/install/custom_interfaces/lib/libcustom_interfaces__rosidl_generator_py.so
[14.436s] -- Set runtime path of "/home/varun/Robotic_soln_varun/src/custom_interfaces/install/custom_interfaces/lib/libcustom_interfaces__rosidl_generator_py.so" to ""
[14.437s] -- Installing: /home/varun/Robotic_soln_varun/src/custom_interfaces/install/custom_interfaces/share/custom_interfaces/msg/SensorSample.idl
[14.437s] -- Installing: /home/varun/Robotic_soln_varun/src/custom_interfaces/install/custom_interfaces/share/custom_interfaces/srv/SensorRead.idl
[14.441s] -- Installing: /home/varun/Robotic_soln_varun/src/custom_interfaces/install/custom_interfaces/share/custom_interfaces/msg/SensorSample.msg
[14.442s] -- Installing: /home/varun/Robotic_soln_varun/src/custom_interfaces/install/custom_interfaces/share/custom_interfaces/srv/SensorRead.srv
[14.442s] -- Installing: /home/varun/Robotic_soln_varun/src/custom_interfaces/install/custom_interfaces/share/custom_interfaces/srv/SensorRead_Request.msg
[14.443s] -- Installing: /home/varun/Robotic_soln_varun/src/custom_interfaces/install/custom_interfaces/share/custom_interfaces/srv/SensorRead_Response.msg
[14.443s] -- Installing: /home/varun/Robotic_soln_varun/src/custom_interfaces/install/custom_interfaces/share/ament_index/resource_index/package_run_dependencies/custom_interfaces
[14.444s] -- Installing: /home/varun/Robotic_soln_varun/src/custom_interfaces/install/custom_interfaces/share/ament_index/resource_index/parent_prefix_path/custom_interfaces
[14.444s] -- Installing: /home/varun/Robotic_soln_varun/src/custom_interfaces/install/custom_interfaces/share/custom_interfaces/environment/ament_prefix_path.sh
[14.445s] -- Installing: /home/varun/Robotic_soln_varun/src/custom_interfaces/install/custom_interfaces/share/custom_interfaces/environment/ament_prefix_path.dsv
[14.445s] -- Installing: /home/varun/Robotic_soln_varun/src/custom_interfaces/install/custom_interfaces/share/custom_interfaces/environment/path.sh
[14.445s] -- Installing: /home/varun/Robotic_soln_varun/src/custom_interfaces/install/custom_interfaces/share/custom_interfaces/environment/path.dsv
[14.446s] -- Installing: /home/varun/Robotic_soln_varun/src/custom_interfaces/install/custom_interfaces/share/custom_interfaces/local_setup.bash
[14.446s] -- Installing: /home/varun/Robotic_soln_varun/src/custom_interfaces/install/custom_interfaces/share/custom_interfaces/local_setup.sh
[14.447s] -- Installing: /home/varun/Robotic_soln_varun/src/custom_interfaces/install/custom_interfaces/share/custom_interfaces/local_setup.zsh
[14.447s] -- Installing: /home/varun/Robotic_soln_varun/src/custom_interfaces/install/custom_interfaces/share/custom_interfaces/local_setup.dsv
[14.447s] -- Installing: /home/varun/Robotic_soln_varun/src/custom_interfaces/install/custom_interfaces/share/custom_interfaces/package.dsv
[14.448s] -- Installing: /home/varun/Robotic_soln_varun/src/custom_interfaces/install/custom_interfaces/share/ament_index/resource_index/packages/custom_interfaces
[14.448s] -- Installing: /home/varun/Robotic_soln_varun/src/custom_interfaces/install/custom_interfaces/share/custom_interfaces/cmake/export_custom_interfaces__rosidl_generator_cExport.cmake
[14.449s] -- Installing: /home/varun/Robotic_soln_varun/src/custom_interfaces/install/custom_interfaces/share/custom_interfaces/cmake/export_custom_interfaces__rosidl_generator_cExport-noconfig.cmake
[14.449s] -- Installing: /home/varun/Robotic_soln_varun/src/custom_interfaces/install/custom_interfaces/share/custom_interfaces/cmake/export_custom_interfaces__rosidl_typesupport_fastrtps_cExport.cmake
[14.449s] -- Installing: /home/varun/Robotic_soln_varun/src/custom_interfaces/install/custom_interfaces/share/custom_interfaces/cmake/export_custom_interfaces__rosidl_typesupport_fastrtps_cExport-noconfig.cmake
[14.450s] -- Installing: /home/varun/Robotic_soln_varun/src/custom_interfaces/install/custom_interfaces/share/custom_interfaces/cmake/custom_interfaces__rosidl_typesupport_introspection_cExport.cmake
[14.450s] -- Installing: /home/varun/Robotic_soln_varun/src/custom_interfaces/install/custom_interfaces/share/custom_interfaces/cmake/custom_interfaces__rosidl_typesupport_introspection_cExport-noconfig.cmake
[14.450s] -- Installing: /home/varun/Robotic_soln_varun/src/custom_interfaces/install/custom_interfaces/share/custom_interfaces/cmake/custom_interfaces__rosidl_typesupport_cExport.cmake
[14.451s] -- Installing: /home/varun/Robotic_soln_varun/src/custom_interfaces/install/custom_interfaces/share/custom_interfaces/cmake/custom_interfaces__rosidl_typesupport_cExport-noconfig.cmake
[14.451s] -- Installing: /home/varun/Robotic_soln_varun/src/custom_interfaces/install/custom_interfaces/share/custom_interfaces/cmake/export_custom_interfaces__rosidl_generator_cppExport.cmake
[14.451s] -- Installing: /home/varun/Robotic_soln_varun/src/custom_interfaces/install/custom_interfaces/share/custom_interfaces/cmake/export_custom_interfaces__rosidl_typesupport_fastrtps_cppExport.cmake
[14.452s] -- Installing: /home/varun/Robotic_soln_varun/src/custom_interfaces/install/custom_interfaces/share/custom_interfaces/cmake/export_custom_interfaces__rosidl_typesupport_fastrtps_cppExport-noconfig.cmake
[14.452s] -- Installing: /home/varun/Robotic_soln_varun/src/custom_interfaces/install/custom_interfaces/share/custom_interfaces/cmake/custom_interfaces__rosidl_typesupport_introspection_cppExport.cmake
[14.452s] -- Installing: /home/varun/Robotic_soln_varun/src/custom_interfaces/install/custom_interfaces/share/custom_interfaces/cmake/custom_interfaces__rosidl_typesupport_introspection_cppExport-noconfig.cmake
[14.453s] -- Installing: /home/varun/Robotic_soln_varun/src/custom_interfaces/install/custom_interfaces/share/custom_interfaces/cmake/custom_interfaces__rosidl_typesupport_cppExport.cmake
[14.453s] -- Installing: /home/varun/Robotic_soln_varun/src/custom_interfaces/install/custom_interfaces/share/custom_interfaces/cmake/custom_interfaces__rosidl_typesupport_cppExport-noconfig.cmake
[14.453s] -- Installing: /home/varun/Robotic_soln_varun/src/custom_interfaces/install/custom_interfaces/share/custom_interfaces/cmake/export_custom_interfaces__rosidl_generator_pyExport.cmake
[14.454s] -- Installing: /home/varun/Robotic_soln_varun/src/custom_interfaces/install/custom_interfaces/share/custom_interfaces/cmake/export_custom_interfaces__rosidl_generator_pyExport-noconfig.cmake
[14.454s] -- Installing: /home/varun/Robotic_soln_varun/src/custom_interfaces/install/custom_interfaces/share/custom_interfaces/cmake/rosidl_cmake-extras.cmake
[14.454s] -- Installing: /home/varun/Robotic_soln_varun/src/custom_interfaces/install/custom_interfaces/share/custom_interfaces/cmake/ament_cmake_export_include_directories-extras.cmake
[14.455s] -- Installing: /home/varun/Robotic_soln_varun/src/custom_interfaces/install/custom_interfaces/share/custom_interfaces/cmake/ament_cmake_export_libraries-extras.cmake
[14.455s] -- Installing: /home/varun/Robotic_soln_varun/src/custom_interfaces/install/custom_interfaces/share/custom_interfaces/cmake/ament_cmake_export_targets-extras.cmake
[14.455s] -- Installing: /home/varun/Robotic_soln_varun/src/custom_interfaces/install/custom_interfaces/share/custom_interfaces/cmake/rosidl_cmake_export_typesupport_targets-extras.cmake
[14.456s] -- Installing: /home/varun/Robotic_soln_varun/src/custom_interfaces/install/custom_interfaces/share/custom_interfaces/cmake/ament_cmake_export_dependencies-extras.cmake
[14.456s] -- Installing: /home/varun/Robotic_soln_varun/src/custom_interfaces/install/custom_interfaces/share/custom_interfaces/cmake/rosidl_cmake_export_typesupport_libraries-extras.cmake
[14.456s] -- Installing: /home/varun/Robotic_soln_varun/src/custom_interfaces/install/custom_interfaces/share/custom_interfaces/cmake/custom_interfacesConfig.cmake
[14.457s] -- Installing: /home/varun/Robotic_soln_varun/src/custom_interfaces/install/custom_interfaces/share/custom_interfaces/cmake/custom_interfacesConfig-version.cmake
[14.457s] -- Installing: /home/varun/Robotic_soln_varun/src/custom_interfaces/install/custom_interfaces/share/custom_interfaces/package.xml
[14.462s] Invoked command in '/home/varun/Robotic_soln_varun/src/custom_interfaces/build/custom_interfaces' returned '0': CMAKE_PREFIX_PATH=/home/varun/Robotic_soln_varun/install/sensor_package:/opt/ros/humble /usr/bin/cmake --install /home/varun/Robotic_soln_varun/src/custom_interfaces/build/custom_interfaces
