[0.148s] DEBUG:colcon:Command line arguments: ['/usr/bin/colcon', 'build', '--packages-select', 'custom_interfaces']
[0.149s] DEBUG:colcon:Parsed command line arguments: Namespace(log_base=None, log_level=None, verb_name='build', build_base='build', install_base='install', merge_install=False, symlink_install=False, test_result_base=None, continue_on_error=False, executor='parallel', parallel_workers=2, event_handlers=None, ignore_user_meta=False, metas=['./colcon.meta'], base_paths=['.'], packages_ignore=None, packages_ignore_regex=None, paths=None, packages_up_to=None, packages_up_to_regex=None, packages_above=None, packages_above_and_dependencies=None, packages_above_depth=None, packages_select_by_dep=None, packages_skip_by_dep=None, packages_skip_up_to=None, packages_select_build_failed=False, packages_skip_build_finished=False, packages_select_test_failures=False, packages_skip_test_passed=False, packages_select=['custom_interfaces'], packages_skip=None, packages_select_regex=None, packages_skip_regex=None, packages_start=None, packages_end=None, allow_overriding=[], cmake_args=None, cmake_target=None, cmake_target_skip_unavailable=False, cmake_clean_cache=False, cmake_clean_first=False, cmake_force_configure=False, ament_cmake_args=None, catkin_cmake_args=None, catkin_skip_building_tests=False, verb_parser=<colcon_defaults.argument_parser.defaults.DefaultArgumentsDecorator object at 0x7d9ecff079a0>, verb_extension=<colcon_core.verb.build.BuildVerb object at 0x7d9ecff074c0>, main=<bound method BuildVerb.main of <colcon_core.verb.build.BuildVerb object at 0x7d9ecff074c0>>)
[0.394s] Level 1:colcon.colcon_core.package_discovery:discover_packages(colcon_meta) check parameters
[0.394s] Level 1:colcon.colcon_core.package_discovery:discover_packages(recursive) check parameters
[0.394s] Level 1:colcon.colcon_core.package_discovery:discover_packages(ignore) check parameters
[0.394s] Level 1:colcon.colcon_core.package_discovery:discover_packages(path) check parameters
[0.394s] Level 1:colcon.colcon_core.package_discovery:discover_packages(colcon_meta) discover
[0.394s] Level 1:colcon.colcon_core.package_discovery:discover_packages(recursive) discover
[0.394s] INFO:colcon.colcon_core.package_discovery:Crawling recursively for packages in '/home/varun/Robotic_soln_varun/src/custom_interfaces'
[0.395s] Level 1:colcon.colcon_core.package_identification:_identify(.) by extensions ['ignore', 'ignore_ament_install']
[0.395s] Level 1:colcon.colcon_core.package_identification:_identify(.) by extension 'ignore'
[0.395s] Level 1:colcon.colcon_core.package_identification:_identify(.) by extension 'ignore_ament_install'
[0.395s] Level 1:colcon.colcon_core.package_identification:_identify(.) by extensions ['colcon_pkg']
[0.396s] Level 1:colcon.colcon_core.package_identification:_identify(.) by extension 'colcon_pkg'
[0.396s] Level 1:colcon.colcon_core.package_identification:_identify(.) by extensions ['colcon_meta']
[0.396s] Level 1:colcon.colcon_core.package_identification:_identify(.) by extension 'colcon_meta'
[0.396s] Level 1:colcon.colcon_core.package_identification:_identify(.) by extensions ['ros']
[0.396s] Level 1:colcon.colcon_core.package_identification:_identify(.) by extension 'ros'
[0.424s] DEBUG:colcon.colcon_core.package_identification:Package '.' with type 'ros.ament_cmake' and name 'custom_interfaces'
[0.424s] Level 1:colcon.colcon_core.package_discovery:discover_packages(recursive) using defaults
[0.424s] Level 1:colcon.colcon_core.package_discovery:discover_packages(ignore) discover
[0.424s] Level 1:colcon.colcon_core.package_discovery:discover_packages(ignore) using defaults
[0.425s] Level 1:colcon.colcon_core.package_discovery:discover_packages(path) discover
[0.425s] Level 1:colcon.colcon_core.package_discovery:discover_packages(path) using defaults
[0.486s] Level 1:colcon.colcon_core.package_discovery:discover_packages(prefix_path) check parameters
[0.486s] Level 1:colcon.colcon_core.package_discovery:discover_packages(prefix_path) discover
[0.499s] DEBUG:colcon.colcon_installed_package_information.package_discovery:Found 1 installed packages in /home/varun/Robotic_soln_varun/install
[0.503s] DEBUG:colcon.colcon_installed_package_information.package_discovery:Found 270 installed packages in /opt/ros/humble
[0.513s] Level 1:colcon.colcon_core.package_discovery:discover_packages(prefix_path) using defaults
[0.636s] Level 5:colcon.colcon_core.verb:set package 'custom_interfaces' build argument 'cmake_args' from command line to 'None'
[0.636s] Level 5:colcon.colcon_core.verb:set package 'custom_interfaces' build argument 'cmake_target' from command line to 'None'
[0.636s] Level 5:colcon.colcon_core.verb:set package 'custom_interfaces' build argument 'cmake_target_skip_unavailable' from command line to 'False'
[0.636s] Level 5:colcon.colcon_core.verb:set package 'custom_interfaces' build argument 'cmake_clean_cache' from command line to 'False'
[0.636s] Level 5:colcon.colcon_core.verb:set package 'custom_interfaces' build argument 'cmake_clean_first' from command line to 'False'
[0.636s] Level 5:colcon.colcon_core.verb:set package 'custom_interfaces' build argument 'cmake_force_configure' from command line to 'False'
[0.636s] Level 5:colcon.colcon_core.verb:set package 'custom_interfaces' build argument 'ament_cmake_args' from command line to 'None'
[0.636s] Level 5:colcon.colcon_core.verb:set package 'custom_interfaces' build argument 'catkin_cmake_args' from command line to 'None'
[0.636s] Level 5:colcon.colcon_core.verb:set package 'custom_interfaces' build argument 'catkin_skip_building_tests' from command line to 'False'
[0.636s] DEBUG:colcon.colcon_core.verb:Building package 'custom_interfaces' with the following arguments: {'ament_cmake_args': None, 'build_base': '/home/varun/Robotic_soln_varun/src/custom_interfaces/build/custom_interfaces', 'catkin_cmake_args': None, 'catkin_skip_building_tests': False, 'cmake_args': None, 'cmake_clean_cache': False, 'cmake_clean_first': False, 'cmake_force_configure': False, 'cmake_target': None, 'cmake_target_skip_unavailable': False, 'install_base': '/home/varun/Robotic_soln_varun/src/custom_interfaces/install/custom_interfaces', 'merge_install': False, 'path': '/home/varun/Robotic_soln_varun/src/custom_interfaces', 'symlink_install': False, 'test_result_base': None}
[0.636s] INFO:colcon.colcon_core.executor:Executing jobs using 'parallel' executor
[0.638s] DEBUG:colcon.colcon_parallel_executor.executor.parallel:run_until_complete
[0.638s] INFO:colcon.colcon_ros.task.ament_cmake.build:Building ROS package in '/home/varun/Robotic_soln_varun/src/custom_interfaces' with build type 'ament_cmake'
[0.638s] INFO:colcon.colcon_cmake.task.cmake.build:Building CMake package in '/home/varun/Robotic_soln_varun/src/custom_interfaces'
[0.641s] INFO:colcon.colcon_core.plugin_system:Skipping extension 'colcon_core.shell.bat': Not used on non-Windows systems
[0.641s] INFO:colcon.colcon_core.shell:Skip shell extension 'powershell' for command environment: Not usable outside of PowerShell
[0.642s] DEBUG:colcon.colcon_core.shell:Skip shell extension 'dsv' for command environment
[0.673s] DEBUG:colcon.colcon_core.event_handler.log_command:Invoking command in '/home/varun/Robotic_soln_varun/src/custom_interfaces/build/custom_interfaces': CMAKE_PREFIX_PATH=/home/varun/Robotic_soln_varun/install/sensor_package:/opt/ros/humble /usr/bin/cmake /home/varun/Robotic_soln_varun/src/custom_interfaces -DCMAKE_INSTALL_PREFIX=/home/varun/Robotic_soln_varun/src/custom_interfaces/install/custom_interfaces
[5.588s] DEBUG:colcon.colcon_core.event_handler.log_command:Invoked command in '/home/varun/Robotic_soln_varun/src/custom_interfaces/build/custom_interfaces' returned '0': CMAKE_PREFIX_PATH=/home/varun/Robotic_soln_varun/install/sensor_package:/opt/ros/humble /usr/bin/cmake /home/varun/Robotic_soln_varun/src/custom_interfaces -DCMAKE_INSTALL_PREFIX=/home/varun/Robotic_soln_varun/src/custom_interfaces/install/custom_interfaces
[5.589s] DEBUG:colcon.colcon_core.event_handler.log_command:Invoking command in '/home/varun/Robotic_soln_varun/src/custom_interfaces/build/custom_interfaces': CMAKE_PREFIX_PATH=/home/varun/Robotic_soln_varun/install/sensor_package:/opt/ros/humble /usr/bin/cmake --build /home/varun/Robotic_soln_varun/src/custom_interfaces/build/custom_interfaces -- -j2 -l2
[14.781s] DEBUG:colcon.colcon_core.event_handler.log_command:Invoked command in '/home/varun/Robotic_soln_varun/src/custom_interfaces/build/custom_interfaces' returned '0': CMAKE_PREFIX_PATH=/home/varun/Robotic_soln_varun/install/sensor_package:/opt/ros/humble /usr/bin/cmake --build /home/varun/Robotic_soln_varun/src/custom_interfaces/build/custom_interfaces -- -j2 -l2
[14.973s] DEBUG:colcon.colcon_core.event_handler.log_command:Invoking command in '/home/varun/Robotic_soln_varun/src/custom_interfaces/build/custom_interfaces': CMAKE_PREFIX_PATH=/home/varun/Robotic_soln_varun/install/sensor_package:/opt/ros/humble /usr/bin/cmake --install /home/varun/Robotic_soln_varun/src/custom_interfaces/build/custom_interfaces
[15.100s] Level 1:colcon.colcon_core.environment:create_environment_scripts_only(custom_interfaces)
[15.101s] DEBUG:colcon.colcon_core.event_handler.log_command:Invoked command in '/home/varun/Robotic_soln_varun/src/custom_interfaces/build/custom_interfaces' returned '0': CMAKE_PREFIX_PATH=/home/varun/Robotic_soln_varun/install/sensor_package:/opt/ros/humble /usr/bin/cmake --install /home/varun/Robotic_soln_varun/src/custom_interfaces/build/custom_interfaces
[15.104s] Level 1:colcon.colcon_core.environment:checking '/home/varun/Robotic_soln_varun/src/custom_interfaces/install/custom_interfaces' for CMake module files
[15.105s] Level 1:colcon.colcon_core.environment:checking '/home/varun/Robotic_soln_varun/src/custom_interfaces/install/custom_interfaces' for CMake config files
[15.105s] Level 1:colcon.colcon_core.shell:create_environment_hook('custom_interfaces', 'cmake_prefix_path')
[15.105s] INFO:colcon.colcon_core.shell:Creating environment hook '/home/varun/Robotic_soln_varun/src/custom_interfaces/install/custom_interfaces/share/custom_interfaces/hook/cmake_prefix_path.ps1'
[15.106s] INFO:colcon.colcon_core.shell:Creating environment descriptor '/home/varun/Robotic_soln_varun/src/custom_interfaces/install/custom_interfaces/share/custom_interfaces/hook/cmake_prefix_path.dsv'
[15.107s] INFO:colcon.colcon_core.shell:Creating environment hook '/home/varun/Robotic_soln_varun/src/custom_interfaces/install/custom_interfaces/share/custom_interfaces/hook/cmake_prefix_path.sh'
[15.108s] Level 1:colcon.colcon_core.environment:checking '/home/varun/Robotic_soln_varun/src/custom_interfaces/install/custom_interfaces/lib'
[15.108s] Level 1:colcon.colcon_core.shell:create_environment_hook('custom_interfaces', 'ld_library_path_lib')
[15.108s] INFO:colcon.colcon_core.shell:Creating environment hook '/home/varun/Robotic_soln_varun/src/custom_interfaces/install/custom_interfaces/share/custom_interfaces/hook/ld_library_path_lib.ps1'
[15.109s] INFO:colcon.colcon_core.shell:Creating environment descriptor '/home/varun/Robotic_soln_varun/src/custom_interfaces/install/custom_interfaces/share/custom_interfaces/hook/ld_library_path_lib.dsv'
[15.109s] INFO:colcon.colcon_core.shell:Creating environment hook '/home/varun/Robotic_soln_varun/src/custom_interfaces/install/custom_interfaces/share/custom_interfaces/hook/ld_library_path_lib.sh'
[15.110s] Level 1:colcon.colcon_core.environment:checking '/home/varun/Robotic_soln_varun/src/custom_interfaces/install/custom_interfaces/bin'
[15.110s] Level 1:colcon.colcon_core.environment:checking '/home/varun/Robotic_soln_varun/src/custom_interfaces/install/custom_interfaces/lib/pkgconfig/custom_interfaces.pc'
[15.110s] Level 1:colcon.colcon_core.environment:checking '/home/varun/Robotic_soln_varun/src/custom_interfaces/install/custom_interfaces/lib/python3.10/site-packages'
[15.110s] Level 1:colcon.colcon_core.environment:checking '/home/varun/Robotic_soln_varun/src/custom_interfaces/install/custom_interfaces/bin'
[15.111s] INFO:colcon.colcon_core.shell:Creating package script '/home/varun/Robotic_soln_varun/src/custom_interfaces/install/custom_interfaces/share/custom_interfaces/package.ps1'
[15.112s] INFO:colcon.colcon_core.shell:Creating package descriptor '/home/varun/Robotic_soln_varun/src/custom_interfaces/install/custom_interfaces/share/custom_interfaces/package.dsv'
[15.112s] INFO:colcon.colcon_core.shell:Creating package script '/home/varun/Robotic_soln_varun/src/custom_interfaces/install/custom_interfaces/share/custom_interfaces/package.sh'
[15.113s] INFO:colcon.colcon_core.shell:Creating package script '/home/varun/Robotic_soln_varun/src/custom_interfaces/install/custom_interfaces/share/custom_interfaces/package.bash'
[15.117s] INFO:colcon.colcon_core.shell:Creating package script '/home/varun/Robotic_soln_varun/src/custom_interfaces/install/custom_interfaces/share/custom_interfaces/package.zsh'
[15.118s] Level 1:colcon.colcon_core.environment:create_file_with_runtime_dependencies(/home/varun/Robotic_soln_varun/src/custom_interfaces/install/custom_interfaces/share/colcon-core/packages/custom_interfaces)
[15.344s] Level 1:colcon.colcon_core.environment:create_environment_scripts_only(custom_interfaces)
[15.345s] Level 1:colcon.colcon_core.environment:checking '/home/varun/Robotic_soln_varun/src/custom_interfaces/install/custom_interfaces' for CMake module files
[15.346s] Level 1:colcon.colcon_core.environment:checking '/home/varun/Robotic_soln_varun/src/custom_interfaces/install/custom_interfaces' for CMake config files
[15.346s] Level 1:colcon.colcon_core.shell:create_environment_hook('custom_interfaces', 'cmake_prefix_path')
[15.346s] INFO:colcon.colcon_core.shell:Creating environment hook '/home/varun/Robotic_soln_varun/src/custom_interfaces/install/custom_interfaces/share/custom_interfaces/hook/cmake_prefix_path.ps1'
[15.347s] INFO:colcon.colcon_core.shell:Creating environment descriptor '/home/varun/Robotic_soln_varun/src/custom_interfaces/install/custom_interfaces/share/custom_interfaces/hook/cmake_prefix_path.dsv'
[15.348s] INFO:colcon.colcon_core.shell:Creating environment hook '/home/varun/Robotic_soln_varun/src/custom_interfaces/install/custom_interfaces/share/custom_interfaces/hook/cmake_prefix_path.sh'
[15.350s] Level 1:colcon.colcon_core.environment:checking '/home/varun/Robotic_soln_varun/src/custom_interfaces/install/custom_interfaces/lib'
[15.350s] Level 1:colcon.colcon_core.shell:create_environment_hook('custom_interfaces', 'ld_library_path_lib')
[15.351s] INFO:colcon.colcon_core.shell:Creating environment hook '/home/varun/Robotic_soln_varun/src/custom_interfaces/install/custom_interfaces/share/custom_interfaces/hook/ld_library_path_lib.ps1'
[15.352s] INFO:colcon.colcon_core.shell:Creating environment descriptor '/home/varun/Robotic_soln_varun/src/custom_interfaces/install/custom_interfaces/share/custom_interfaces/hook/ld_library_path_lib.dsv'
[15.353s] INFO:colcon.colcon_core.shell:Creating environment hook '/home/varun/Robotic_soln_varun/src/custom_interfaces/install/custom_interfaces/share/custom_interfaces/hook/ld_library_path_lib.sh'
[15.353s] Level 1:colcon.colcon_core.environment:checking '/home/varun/Robotic_soln_varun/src/custom_interfaces/install/custom_interfaces/bin'
[15.354s] Level 1:colcon.colcon_core.environment:checking '/home/varun/Robotic_soln_varun/src/custom_interfaces/install/custom_interfaces/lib/pkgconfig/custom_interfaces.pc'
[15.355s] Level 1:colcon.colcon_core.environment:checking '/home/varun/Robotic_soln_varun/src/custom_interfaces/install/custom_interfaces/lib/python3.10/site-packages'
[15.355s] Level 1:colcon.colcon_core.environment:checking '/home/varun/Robotic_soln_varun/src/custom_interfaces/install/custom_interfaces/bin'
[15.355s] INFO:colcon.colcon_core.shell:Creating package script '/home/varun/Robotic_soln_varun/src/custom_interfaces/install/custom_interfaces/share/custom_interfaces/package.ps1'
[15.358s] INFO:colcon.colcon_core.shell:Creating package descriptor '/home/varun/Robotic_soln_varun/src/custom_interfaces/install/custom_interfaces/share/custom_interfaces/package.dsv'
[15.358s] INFO:colcon.colcon_core.shell:Creating package script '/home/varun/Robotic_soln_varun/src/custom_interfaces/install/custom_interfaces/share/custom_interfaces/package.sh'
[15.360s] INFO:colcon.colcon_core.shell:Creating package script '/home/varun/Robotic_soln_varun/src/custom_interfaces/install/custom_interfaces/share/custom_interfaces/package.bash'
[15.361s] INFO:colcon.colcon_core.shell:Creating package script '/home/varun/Robotic_soln_varun/src/custom_interfaces/install/custom_interfaces/share/custom_interfaces/package.zsh'
[15.362s] Level 1:colcon.colcon_core.environment:create_file_with_runtime_dependencies(/home/varun/Robotic_soln_varun/src/custom_interfaces/install/custom_interfaces/share/colcon-core/packages/custom_interfaces)
[15.364s] DEBUG:colcon.colcon_parallel_executor.executor.parallel:closing loop
[15.364s] DEBUG:colcon.colcon_parallel_executor.executor.parallel:loop closed
[15.364s] DEBUG:colcon.colcon_parallel_executor.executor.parallel:run_until_complete finished with '0'
[15.364s] DEBUG:colcon.colcon_core.event_reactor:joining thread
[15.379s] INFO:colcon.colcon_core.plugin_system:Skipping extension 'colcon_notification.desktop_notification.terminal_notifier': Not used on non-Darwin systems
[15.379s] INFO:colcon.colcon_core.plugin_system:Skipping extension 'colcon_notification.desktop_notification.win32': Not used on non-Windows systems
[15.379s] INFO:colcon.colcon_notification.desktop_notification:Sending desktop notification using 'notify2'
[15.421s] DEBUG:colcon.colcon_core.event_reactor:joined thread
[15.422s] INFO:colcon.colcon_core.shell:Creating prefix script '/home/varun/Robotic_soln_varun/src/custom_interfaces/install/local_setup.ps1'
[15.425s] INFO:colcon.colcon_core.shell:Creating prefix util module '/home/varun/Robotic_soln_varun/src/custom_interfaces/install/_local_setup_util_ps1.py'
[15.427s] INFO:colcon.colcon_core.shell:Creating prefix chain script '/home/varun/Robotic_soln_varun/src/custom_interfaces/install/setup.ps1'
[15.429s] INFO:colcon.colcon_core.shell:Creating prefix script '/home/varun/Robotic_soln_varun/src/custom_interfaces/install/local_setup.sh'
[15.430s] INFO:colcon.colcon_core.shell:Creating prefix util module '/home/varun/Robotic_soln_varun/src/custom_interfaces/install/_local_setup_util_sh.py'
[15.431s] INFO:colcon.colcon_core.shell:Creating prefix chain script '/home/varun/Robotic_soln_varun/src/custom_interfaces/install/setup.sh'
[15.436s] INFO:colcon.colcon_core.shell:Creating prefix script '/home/varun/Robotic_soln_varun/src/custom_interfaces/install/local_setup.bash'
[15.448s] INFO:colcon.colcon_core.shell:Creating prefix chain script '/home/varun/Robotic_soln_varun/src/custom_interfaces/install/setup.bash'
[15.450s] INFO:colcon.colcon_core.shell:Creating prefix script '/home/varun/Robotic_soln_varun/src/custom_interfaces/install/local_setup.zsh'
[15.451s] INFO:colcon.colcon_core.shell:Creating prefix chain script '/home/varun/Robotic_soln_varun/src/custom_interfaces/install/setup.zsh'
